mode: atomic
github.com/prusiksoftware/monorepo/obscurio/main.go:12.13,18.16 5 0
github.com/prusiksoftware/monorepo/obscurio/main.go:18.16,20.13 2 0
github.com/prusiksoftware/monorepo/obscurio/main.go:22.2,27.16 4 0
github.com/prusiksoftware/monorepo/obscurio/main.go:27.16,29.13 2 0
github.com/prusiksoftware/monorepo/obscurio/main.go:31.2,34.12 3 0
github.com/prusiksoftware/monorepo/obscurio/main.go:34.12,36.3 1 0
github.com/prusiksoftware/monorepo/obscurio/main.go:38.2,38.50 1 0
github.com/prusiksoftware/monorepo/obscurio/main.go:38.50,39.7 1 0
github.com/prusiksoftware/monorepo/obscurio/main.go:39.7,42.36 3 0
github.com/prusiksoftware/monorepo/obscurio/main.go:42.36,45.5 2 0
github.com/prusiksoftware/monorepo/obscurio/main.go:46.4,46.33 1 0
github.com/prusiksoftware/monorepo/obscurio/main.go:46.33,49.5 2 0
github.com/prusiksoftware/monorepo/obscurio/main.go:53.2,54.11 2 0
github.com/prusiksoftware/monorepo/obscurio/main.go:12.13,18.16 5 0
github.com/prusiksoftware/monorepo/obscurio/main.go:18.16,20.13 2 0
github.com/prusiksoftware/monorepo/obscurio/main.go:22.2,27.16 4 0
github.com/prusiksoftware/monorepo/obscurio/main.go:27.16,29.13 2 0
github.com/prusiksoftware/monorepo/obscurio/main.go:31.2,34.12 3 0
github.com/prusiksoftware/monorepo/obscurio/main.go:34.12,36.3 1 0
github.com/prusiksoftware/monorepo/obscurio/main.go:38.2,38.50 1 0
github.com/prusiksoftware/monorepo/obscurio/main.go:38.50,39.7 1 0
github.com/prusiksoftware/monorepo/obscurio/main.go:39.7,42.36 3 0
github.com/prusiksoftware/monorepo/obscurio/main.go:42.36,45.5 2 0
github.com/prusiksoftware/monorepo/obscurio/main.go:46.4,46.33 1 0
github.com/prusiksoftware/monorepo/obscurio/main.go:46.33,49.5 2 0
github.com/prusiksoftware/monorepo/obscurio/main.go:53.2,54.11 2 0
github.com/prusiksoftware/monorepo/obscurio/analytics/main.go:20.43,24.2 1 1
github.com/prusiksoftware/monorepo/obscurio/analytics/main.go:26.120,36.2 2 1
github.com/prusiksoftware/monorepo/obscurio/http_server/http_server.go:16.71,17.16 1 0
github.com/prusiksoftware/monorepo/obscurio/http_server/http_server.go:17.16,21.3 3 0
github.com/prusiksoftware/monorepo/obscurio/http_server/http_server.go:22.2,23.23 2 0
github.com/prusiksoftware/monorepo/obscurio/http_server/http_server.go:26.70,27.15 1 0
github.com/prusiksoftware/monorepo/obscurio/http_server/http_server.go:27.15,31.3 3 0
github.com/prusiksoftware/monorepo/obscurio/http_server/http_server.go:32.2,33.23 2 0
github.com/prusiksoftware/monorepo/obscurio/http_server/http_server.go:36.64,38.31 2 0
github.com/prusiksoftware/monorepo/obscurio/http_server/http_server.go:38.31,42.51 4 0
github.com/prusiksoftware/monorepo/obscurio/http_server/http_server.go:42.51,49.38 7 0
github.com/prusiksoftware/monorepo/obscurio/http_server/http_server.go:49.38,51.5 1 0
github.com/prusiksoftware/monorepo/obscurio/http_server/http_server.go:56.39,58.2 1 0
github.com/prusiksoftware/monorepo/obscurio/http_server/http_server.go:60.37,62.2 1 0
github.com/prusiksoftware/monorepo/obscurio/http_server/http_server.go:64.26,71.16 7 0
github.com/prusiksoftware/monorepo/obscurio/http_server/http_server.go:71.16,72.13 1 0
github.com/prusiksoftware/monorepo/obscurio/http_server/http_server.go:74.2,74.37 1 0
github.com/prusiksoftware/monorepo/obscurio/http_server/http_server.go:77.53,84.2 1 0
github.com/prusiksoftware/monorepo/obscurio/psql_proxy/client_manager.go:22.67,34.2 2 0
github.com/prusiksoftware/monorepo/obscurio/psql_proxy/client_manager.go:36.37,39.16 2 0
github.com/prusiksoftware/monorepo/obscurio/psql_proxy/client_manager.go:39.16,41.3 1 0
github.com/prusiksoftware/monorepo/obscurio/psql_proxy/client_manager.go:42.2,45.16 3 0
github.com/prusiksoftware/monorepo/obscurio/psql_proxy/client_manager.go:45.16,47.3 1 0
github.com/prusiksoftware/monorepo/obscurio/psql_proxy/client_manager.go:48.2,50.6 2 0
github.com/prusiksoftware/monorepo/obscurio/psql_proxy/client_manager.go:50.6,52.42 2 0
github.com/prusiksoftware/monorepo/obscurio/psql_proxy/client_manager.go:52.42,55.4 2 0
github.com/prusiksoftware/monorepo/obscurio/psql_proxy/client_manager.go:57.3,58.9 2 0
github.com/prusiksoftware/monorepo/obscurio/psql_proxy/client_manager.go:58.9,62.18 3 0
github.com/prusiksoftware/monorepo/obscurio/psql_proxy/client_manager.go:62.18,65.5 2 0
github.com/prusiksoftware/monorepo/obscurio/psql_proxy/client_manager.go:66.4,71.18 5 0
github.com/prusiksoftware/monorepo/obscurio/psql_proxy/client_manager.go:71.18,74.5 2 0
github.com/prusiksoftware/monorepo/obscurio/psql_proxy/client_manager.go:80.59,81.6 1 0
github.com/prusiksoftware/monorepo/obscurio/psql_proxy/client_manager.go:81.6,83.17 2 0
github.com/prusiksoftware/monorepo/obscurio/psql_proxy/client_manager.go:83.17,86.4 2 0
github.com/prusiksoftware/monorepo/obscurio/psql_proxy/client_manager.go:88.3,88.35 1 0
github.com/prusiksoftware/monorepo/obscurio/psql_proxy/client_manager.go:90.29,92.18 2 0
github.com/prusiksoftware/monorepo/obscurio/psql_proxy/client_manager.go:92.18,94.5 1 0
github.com/prusiksoftware/monorepo/obscurio/psql_proxy/client_manager.go:96.33,99.18 3 0
github.com/prusiksoftware/monorepo/obscurio/psql_proxy/client_manager.go:99.18,102.5 2 0
github.com/prusiksoftware/monorepo/obscurio/psql_proxy/client_manager.go:104.4,106.18 3 0
github.com/prusiksoftware/monorepo/obscurio/psql_proxy/client_manager.go:106.18,109.5 2 0
github.com/prusiksoftware/monorepo/obscurio/psql_proxy/client_manager.go:111.4,115.18 2 0
github.com/prusiksoftware/monorepo/obscurio/psql_proxy/client_manager.go:115.18,117.5 1 0
github.com/prusiksoftware/monorepo/obscurio/psql_proxy/client_manager.go:120.4,122.18 3 0
github.com/prusiksoftware/monorepo/obscurio/psql_proxy/client_manager.go:122.18,125.5 2 0
github.com/prusiksoftware/monorepo/obscurio/psql_proxy/client_manager.go:127.4,127.23 1 0
github.com/prusiksoftware/monorepo/obscurio/psql_proxy/client_manager.go:129.11,132.48 3 0
github.com/prusiksoftware/monorepo/obscurio/psql_proxy/client_manager.go:137.39,141.2 1 0
github.com/prusiksoftware/monorepo/obscurio/psql_proxy/config.go:59.33,60.26 1 0
github.com/prusiksoftware/monorepo/obscurio/psql_proxy/config.go:60.26,62.3 1 0
github.com/prusiksoftware/monorepo/obscurio/psql_proxy/config.go:64.2,66.20 3 0
github.com/prusiksoftware/monorepo/obscurio/psql_proxy/config.go:66.20,68.3 1 0
github.com/prusiksoftware/monorepo/obscurio/psql_proxy/config.go:71.2,72.16 2 0
github.com/prusiksoftware/monorepo/obscurio/psql_proxy/config.go:72.16,74.3 1 0
github.com/prusiksoftware/monorepo/obscurio/psql_proxy/config.go:77.2,82.16 3 0
github.com/prusiksoftware/monorepo/obscurio/psql_proxy/config.go:82.16,84.3 1 0
github.com/prusiksoftware/monorepo/obscurio/psql_proxy/config.go:86.2,86.31 1 0
github.com/prusiksoftware/monorepo/obscurio/psql_proxy/config.go:86.31,89.3 2 0
github.com/prusiksoftware/monorepo/obscurio/psql_proxy/config.go:90.2,91.15 2 0
github.com/prusiksoftware/monorepo/obscurio/psql_proxy/config.go:94.62,95.37 1 0
github.com/prusiksoftware/monorepo/obscurio/psql_proxy/config.go:95.37,96.35 1 0
github.com/prusiksoftware/monorepo/obscurio/psql_proxy/config.go:96.35,98.4 1 0
github.com/prusiksoftware/monorepo/obscurio/psql_proxy/config.go:100.2,100.79 1 0
github.com/prusiksoftware/monorepo/obscurio/psql_proxy/config.go:103.50,106.25 3 0
github.com/prusiksoftware/monorepo/obscurio/psql_proxy/config.go:106.25,108.3 1 0
github.com/prusiksoftware/monorepo/obscurio/psql_proxy/config.go:109.2,109.23 1 0
github.com/prusiksoftware/monorepo/obscurio/psql_proxy/config.go:112.51,115.35 3 0
github.com/prusiksoftware/monorepo/obscurio/psql_proxy/config.go:115.35,116.23 1 0
github.com/prusiksoftware/monorepo/obscurio/psql_proxy/config.go:116.23,118.4 1 0
github.com/prusiksoftware/monorepo/obscurio/psql_proxy/config.go:120.2,120.16 1 0
github.com/prusiksoftware/monorepo/obscurio/psql_proxy/config.go:120.16,122.3 1 0
github.com/prusiksoftware/monorepo/obscurio/psql_proxy/config.go:124.2,127.16 4 0
github.com/prusiksoftware/monorepo/obscurio/psql_proxy/config.go:127.16,129.3 1 0
github.com/prusiksoftware/monorepo/obscurio/psql_proxy/config.go:131.2,133.23 3 0
github.com/prusiksoftware/monorepo/obscurio/psql_proxy/db_manager.go:29.55,30.22 1 0
github.com/prusiksoftware/monorepo/obscurio/psql_proxy/db_manager.go:30.22,32.3 1 0
github.com/prusiksoftware/monorepo/obscurio/psql_proxy/db_manager.go:34.2,35.16 2 0
github.com/prusiksoftware/monorepo/obscurio/psql_proxy/db_manager.go:35.16,37.3 1 0
github.com/prusiksoftware/monorepo/obscurio/psql_proxy/db_manager.go:38.2,40.15 2 0
github.com/prusiksoftware/monorepo/obscurio/psql_proxy/db_manager.go:43.81,53.16 6 0
github.com/prusiksoftware/monorepo/obscurio/psql_proxy/db_manager.go:53.16,55.3 1 0
github.com/prusiksoftware/monorepo/obscurio/psql_proxy/db_manager.go:57.2,57.6 1 0
github.com/prusiksoftware/monorepo/obscurio/psql_proxy/db_manager.go:57.6,60.17 2 0
github.com/prusiksoftware/monorepo/obscurio/psql_proxy/db_manager.go:60.17,62.4 1 0
github.com/prusiksoftware/monorepo/obscurio/psql_proxy/db_manager.go:65.3,66.17 2 0
github.com/prusiksoftware/monorepo/obscurio/psql_proxy/db_manager.go:66.17,68.4 1 0
github.com/prusiksoftware/monorepo/obscurio/psql_proxy/db_manager.go:71.3,71.30 1 0
github.com/prusiksoftware/monorepo/obscurio/psql_proxy/db_manager.go:71.30,73.18 2 0
github.com/prusiksoftware/monorepo/obscurio/psql_proxy/db_manager.go:73.18,75.5 1 0
github.com/prusiksoftware/monorepo/obscurio/psql_proxy/db_manager.go:78.3,78.49 1 0
github.com/prusiksoftware/monorepo/obscurio/psql_proxy/db_manager.go:78.49,80.4 1 0
github.com/prusiksoftware/monorepo/obscurio/psql_proxy/db_manager.go:84.64,86.16 2 0
github.com/prusiksoftware/monorepo/obscurio/psql_proxy/db_manager.go:86.16,88.3 1 0
github.com/prusiksoftware/monorepo/obscurio/psql_proxy/db_manager.go:89.2,90.16 2 0
github.com/prusiksoftware/monorepo/obscurio/psql_proxy/db_manager.go:90.16,92.3 1 0
github.com/prusiksoftware/monorepo/obscurio/psql_proxy/db_manager.go:93.2,93.19 1 0
github.com/prusiksoftware/monorepo/obscurio/psql_proxy/db_manager.go:96.46,98.38 2 0
github.com/prusiksoftware/monorepo/obscurio/psql_proxy/db_manager.go:98.38,100.3 1 0
github.com/prusiksoftware/monorepo/obscurio/psql_proxy/db_manager.go:101.2,101.14 1 0
github.com/prusiksoftware/monorepo/obscurio/psql_proxy/db_manager.go:104.59,106.13 2 0
github.com/prusiksoftware/monorepo/obscurio/psql_proxy/db_manager.go:106.13,108.3 1 0
github.com/prusiksoftware/monorepo/obscurio/psql_proxy/db_manager.go:110.2,111.13 2 0
github.com/prusiksoftware/monorepo/obscurio/psql_proxy/db_manager.go:111.13,113.3 1 0
github.com/prusiksoftware/monorepo/obscurio/psql_proxy/db_manager.go:115.2,116.13 2 0
github.com/prusiksoftware/monorepo/obscurio/psql_proxy/db_manager.go:116.13,118.3 1 0
github.com/prusiksoftware/monorepo/obscurio/psql_proxy/db_manager.go:120.2,129.41 3 0
github.com/prusiksoftware/monorepo/obscurio/psql_proxy/db_manager.go:129.41,130.36 1 0
github.com/prusiksoftware/monorepo/obscurio/psql_proxy/db_manager.go:130.36,131.46 1 0
github.com/prusiksoftware/monorepo/obscurio/psql_proxy/db_manager.go:131.46,133.5 1 0
github.com/prusiksoftware/monorepo/obscurio/psql_proxy/db_manager.go:134.4,134.78 1 0
github.com/prusiksoftware/monorepo/obscurio/psql_proxy/db_manager.go:138.2,143.41 2 0
github.com/prusiksoftware/monorepo/obscurio/psql_proxy/db_manager.go:143.41,144.33 1 0
github.com/prusiksoftware/monorepo/obscurio/psql_proxy/db_manager.go:144.33,147.4 1 0
github.com/prusiksoftware/monorepo/obscurio/psql_proxy/db_manager.go:150.2,151.41 2 0
github.com/prusiksoftware/monorepo/obscurio/psql_proxy/db_manager.go:151.41,152.39 1 0
github.com/prusiksoftware/monorepo/obscurio/psql_proxy/db_manager.go:152.39,153.48 1 0
github.com/prusiksoftware/monorepo/obscurio/psql_proxy/db_manager.go:153.48,155.5 1 0
github.com/prusiksoftware/monorepo/obscurio/psql_proxy/db_manager.go:156.4,156.60 1 0
github.com/prusiksoftware/monorepo/obscurio/psql_proxy/db_manager.go:159.2,159.43 1 0
github.com/prusiksoftware/monorepo/obscurio/psql_proxy/db_manager.go:159.43,161.3 1 0
github.com/prusiksoftware/monorepo/obscurio/psql_proxy/db_manager.go:163.2,164.17 2 0
github.com/prusiksoftware/monorepo/obscurio/psql_proxy/server.go:28.71,30.48 2 0
github.com/prusiksoftware/monorepo/obscurio/psql_proxy/server.go:30.48,32.17 2 0
github.com/prusiksoftware/monorepo/obscurio/psql_proxy/server.go:32.17,34.4 1 0
github.com/prusiksoftware/monorepo/obscurio/psql_proxy/server.go:35.3,35.45 1 0
github.com/prusiksoftware/monorepo/obscurio/psql_proxy/server.go:38.2,45.16 2 0
github.com/prusiksoftware/monorepo/obscurio/psql_proxy/server.go:48.30,50.16 2 0
github.com/prusiksoftware/monorepo/obscurio/psql_proxy/server.go:50.16,52.3 1 0
github.com/prusiksoftware/monorepo/obscurio/psql_proxy/server.go:53.2,56.6 3 0
github.com/prusiksoftware/monorepo/obscurio/psql_proxy/server.go:56.6,58.17 2 0
github.com/prusiksoftware/monorepo/obscurio/psql_proxy/server.go:58.17,60.4 1 0
github.com/prusiksoftware/monorepo/obscurio/psql_proxy/server.go:61.3,61.40 1 0
github.com/prusiksoftware/monorepo/obscurio/psql_proxy/server.go:65.64,69.16 4 0
github.com/prusiksoftware/monorepo/obscurio/psql_proxy/server.go:69.16,71.3 1 0
github.com/prusiksoftware/monorepo/obscurio/psql_proxy/server.go:72.2,72.58 1 0
github.com/prusiksoftware/monorepo/obscurio/psql_proxy/server.go:75.72,77.39 2 0
github.com/prusiksoftware/monorepo/obscurio/psql_proxy/server.go:77.39,78.45 1 0
github.com/prusiksoftware/monorepo/obscurio/psql_proxy/server.go:78.45,80.4 1 0
github.com/prusiksoftware/monorepo/obscurio/psql_proxy/server.go:83.2,83.84 1 0
github.com/prusiksoftware/monorepo/obscurio/psql_proxy/test_utils.go:15.62,18.2 2 0
github.com/prusiksoftware/monorepo/obscurio/psql_proxy/test_utils.go:20.54,23.2 2 0
github.com/prusiksoftware/monorepo/obscurio/psql_proxy/test_utils.go:25.41,27.2 1 0
github.com/prusiksoftware/monorepo/obscurio/psql_proxy/test_utils.go:29.62,32.2 2 0
github.com/prusiksoftware/monorepo/obscurio/psql_proxy/modify_queries/column_hider.go:11.69,15.2 1 0
github.com/prusiksoftware/monorepo/obscurio/psql_proxy/modify_queries/column_hider.go:17.40,19.2 1 0
github.com/prusiksoftware/monorepo/obscurio/psql_proxy/modify_queries/column_hider.go:21.68,23.8 2 0
github.com/prusiksoftware/monorepo/obscurio/psql_proxy/modify_queries/column_hider.go:23.8,26.24 3 0
github.com/prusiksoftware/monorepo/obscurio/psql_proxy/modify_queries/column_hider.go:26.24,27.36 1 0
github.com/prusiksoftware/monorepo/obscurio/psql_proxy/modify_queries/column_hider.go:27.36,29.11 2 0
github.com/prusiksoftware/monorepo/obscurio/psql_proxy/modify_queries/column_hider.go:29.11,33.6 2 0
github.com/prusiksoftware/monorepo/obscurio/psql_proxy/modify_queries/column_hider.go:37.3,38.64 2 0
github.com/prusiksoftware/monorepo/obscurio/psql_proxy/modify_queries/column_hider.go:38.64,41.10 3 0
github.com/prusiksoftware/monorepo/obscurio/psql_proxy/modify_queries/column_hider.go:41.10,44.11 3 0
github.com/prusiksoftware/monorepo/obscurio/psql_proxy/modify_queries/column_hider.go:44.11,50.26 4 0
github.com/prusiksoftware/monorepo/obscurio/psql_proxy/modify_queries/column_hider.go:50.26,51.49 1 0
github.com/prusiksoftware/monorepo/obscurio/psql_proxy/modify_queries/column_hider.go:51.49,53.8 1 0
github.com/prusiksoftware/monorepo/obscurio/psql_proxy/modify_queries/column_hider.go:54.13,55.7 0 0
github.com/prusiksoftware/monorepo/obscurio/psql_proxy/modify_queries/column_hider.go:57.6,57.67 1 0
github.com/prusiksoftware/monorepo/obscurio/psql_proxy/modify_queries/column_hider.go:57.67,58.37 1 0
github.com/prusiksoftware/monorepo/obscurio/psql_proxy/modify_queries/column_hider.go:58.37,59.55 1 0
github.com/prusiksoftware/monorepo/obscurio/psql_proxy/modify_queries/column_hider.go:59.55,60.40 1 0
github.com/prusiksoftware/monorepo/obscurio/psql_proxy/modify_queries/column_hider.go:60.40,62.10 1 0
github.com/prusiksoftware/monorepo/obscurio/psql_proxy/modify_queries/column_hider.go:69.4,69.19 1 0
github.com/prusiksoftware/monorepo/obscurio/psql_proxy/modify_queries/column_hider.go:69.19,71.5 1 0
github.com/prusiksoftware/monorepo/obscurio/psql_proxy/modify_queries/column_hider.go:73.3,73.56 1 0
github.com/prusiksoftware/monorepo/obscurio/psql_proxy/modify_queries/column_hider.go:75.2,75.12 1 0
github.com/prusiksoftware/monorepo/obscurio/psql_proxy/modify_queries/column_replacer.go:12.84,17.2 1 0
github.com/prusiksoftware/monorepo/obscurio/psql_proxy/modify_queries/column_replacer.go:19.43,21.2 1 0
github.com/prusiksoftware/monorepo/obscurio/psql_proxy/modify_queries/column_replacer.go:23.63,25.23 2 0
github.com/prusiksoftware/monorepo/obscurio/psql_proxy/modify_queries/column_replacer.go:25.23,27.3 1 0
github.com/prusiksoftware/monorepo/obscurio/psql_proxy/modify_queries/column_replacer.go:29.2,29.47 1 0
github.com/prusiksoftware/monorepo/obscurio/psql_proxy/modify_queries/column_replacer.go:29.47,31.9 2 0
github.com/prusiksoftware/monorepo/obscurio/psql_proxy/modify_queries/column_replacer.go:31.9,34.10 3 0
github.com/prusiksoftware/monorepo/obscurio/psql_proxy/modify_queries/column_replacer.go:34.10,37.24 3 0
github.com/prusiksoftware/monorepo/obscurio/psql_proxy/modify_queries/column_replacer.go:37.24,38.14 1 0
github.com/prusiksoftware/monorepo/obscurio/psql_proxy/modify_queries/column_replacer.go:41.5,42.25 2 0
github.com/prusiksoftware/monorepo/obscurio/psql_proxy/modify_queries/column_replacer.go:42.25,44.6 1 0
github.com/prusiksoftware/monorepo/obscurio/psql_proxy/modify_queries/column_replacer.go:46.5,46.34 1 0
github.com/prusiksoftware/monorepo/obscurio/psql_proxy/modify_queries/column_replacer.go:46.34,47.50 1 0
github.com/prusiksoftware/monorepo/obscurio/psql_proxy/modify_queries/column_replacer.go:47.50,58.7 2 0
github.com/prusiksoftware/monorepo/obscurio/psql_proxy/modify_queries/column_replacer.go:63.2,63.12 1 0
github.com/prusiksoftware/monorepo/obscurio/psql_proxy/modify_queries/query_modifier.go:18.91,20.16 2 0
github.com/prusiksoftware/monorepo/obscurio/psql_proxy/modify_queries/query_modifier.go:20.16,22.3 1 0
github.com/prusiksoftware/monorepo/obscurio/psql_proxy/modify_queries/query_modifier.go:23.2,27.8 1 0
github.com/prusiksoftware/monorepo/obscurio/psql_proxy/modify_queries/query_modifier.go:30.41,31.38 1 0
github.com/prusiksoftware/monorepo/obscurio/psql_proxy/modify_queries/query_modifier.go:31.38,32.37 1 0
github.com/prusiksoftware/monorepo/obscurio/psql_proxy/modify_queries/query_modifier.go:32.37,34.18 2 0
github.com/prusiksoftware/monorepo/obscurio/psql_proxy/modify_queries/query_modifier.go:34.18,36.5 1 0
github.com/prusiksoftware/monorepo/obscurio/psql_proxy/modify_queries/query_modifier.go:39.2,39.12 1 0
github.com/prusiksoftware/monorepo/obscurio/psql_proxy/modify_queries/query_modifier.go:42.50,44.16 2 0
github.com/prusiksoftware/monorepo/obscurio/psql_proxy/modify_queries/query_modifier.go:44.16,46.3 1 0
github.com/prusiksoftware/monorepo/obscurio/psql_proxy/modify_queries/query_modifier.go:47.2,47.17 1 0
github.com/prusiksoftware/monorepo/obscurio/psql_proxy/modify_queries/row_hider.go:25.81,32.2 1 0
github.com/prusiksoftware/monorepo/obscurio/psql_proxy/modify_queries/row_hider.go:34.37,36.2 1 0
github.com/prusiksoftware/monorepo/obscurio/psql_proxy/modify_queries/row_hider.go:38.65,40.8 2 0
github.com/prusiksoftware/monorepo/obscurio/psql_proxy/modify_queries/row_hider.go:40.8,42.24 2 0
github.com/prusiksoftware/monorepo/obscurio/psql_proxy/modify_queries/row_hider.go:42.24,43.36 1 0
github.com/prusiksoftware/monorepo/obscurio/psql_proxy/modify_queries/row_hider.go:43.36,45.11 2 0
github.com/prusiksoftware/monorepo/obscurio/psql_proxy/modify_queries/row_hider.go:45.11,47.35 2 0
github.com/prusiksoftware/monorepo/obscurio/psql_proxy/modify_queries/row_hider.go:47.35,51.29 2 0
github.com/prusiksoftware/monorepo/obscurio/psql_proxy/modify_queries/row_hider.go:51.29,54.8 2 0
github.com/prusiksoftware/monorepo/obscurio/psql_proxy/modify_queries/row_hider.go:57.7,58.17 2 0
github.com/prusiksoftware/monorepo/obscurio/psql_proxy/modify_queries/row_hider.go:64.2,64.12 1 0
github.com/prusiksoftware/monorepo/obscurio/psql_proxy/modify_queries/row_hider.go:67.49,104.2 1 0
github.com/prusiksoftware/monorepo/obscurio/psql_proxy/modify_queries/row_hider.go:106.63,114.2 2 0
github.com/prusiksoftware/monorepo/obscurio/psql_proxy/modify_queries/row_hider.go:116.66,140.2 3 0
github.com/prusiksoftware/monorepo/obscurio/psql_proxy/modify_queries/wildcard_expander.go:15.102,20.2 1 0
github.com/prusiksoftware/monorepo/obscurio/psql_proxy/modify_queries/wildcard_expander.go:22.45,24.2 1 0
github.com/prusiksoftware/monorepo/obscurio/psql_proxy/modify_queries/wildcard_expander.go:26.83,28.29 2 0
github.com/prusiksoftware/monorepo/obscurio/psql_proxy/modify_queries/wildcard_expander.go:28.29,34.3 1 0
github.com/prusiksoftware/monorepo/obscurio/psql_proxy/modify_queries/wildcard_expander.go:36.2,48.4 1 0
github.com/prusiksoftware/monorepo/obscurio/psql_proxy/modify_queries/wildcard_expander.go:52.83,54.44 2 0
github.com/prusiksoftware/monorepo/obscurio/psql_proxy/modify_queries/wildcard_expander.go:54.44,55.35 1 0
github.com/prusiksoftware/monorepo/obscurio/psql_proxy/modify_queries/wildcard_expander.go:55.35,56.41 1 0
github.com/prusiksoftware/monorepo/obscurio/psql_proxy/modify_queries/wildcard_expander.go:56.41,58.5 1 0
github.com/prusiksoftware/monorepo/obscurio/psql_proxy/modify_queries/wildcard_expander.go:61.2,61.20 1 0
github.com/prusiksoftware/monorepo/obscurio/psql_proxy/modify_queries/wildcard_expander.go:64.77,66.8 2 0
github.com/prusiksoftware/monorepo/obscurio/psql_proxy/modify_queries/wildcard_expander.go:66.8,67.46 1 0
github.com/prusiksoftware/monorepo/obscurio/psql_proxy/modify_queries/wildcard_expander.go:67.46,68.34 1 0
github.com/prusiksoftware/monorepo/obscurio/psql_proxy/modify_queries/wildcard_expander.go:68.34,70.5 1 0
github.com/prusiksoftware/monorepo/obscurio/psql_proxy/modify_queries/wildcard_expander.go:73.2,73.14 1 0
github.com/prusiksoftware/monorepo/obscurio/psql_proxy/modify_queries/wildcard_expander.go:76.65,78.8 2 0
github.com/prusiksoftware/monorepo/obscurio/psql_proxy/modify_queries/wildcard_expander.go:78.8,81.37 3 0
github.com/prusiksoftware/monorepo/obscurio/psql_proxy/modify_queries/wildcard_expander.go:81.37,83.24 2 0
github.com/prusiksoftware/monorepo/obscurio/psql_proxy/modify_queries/wildcard_expander.go:83.24,85.19 2 0
github.com/prusiksoftware/monorepo/obscurio/psql_proxy/modify_queries/wildcard_expander.go:85.19,87.23 2 0
github.com/prusiksoftware/monorepo/obscurio/psql_proxy/modify_queries/wildcard_expander.go:87.23,88.43 1 0
github.com/prusiksoftware/monorepo/obscurio/psql_proxy/modify_queries/wildcard_expander.go:88.43,89.35 1 0
github.com/prusiksoftware/monorepo/obscurio/psql_proxy/modify_queries/wildcard_expander.go:89.35,92.14 3 0
github.com/prusiksoftware/monorepo/obscurio/psql_proxy/modify_queries/wildcard_expander.go:93.14,97.21 4 0
github.com/prusiksoftware/monorepo/obscurio/psql_proxy/modify_queries/wildcard_expander.go:97.21,99.10 1 0
github.com/prusiksoftware/monorepo/obscurio/psql_proxy/modify_queries/wildcard_expander.go:105.4,105.15 1 0
github.com/prusiksoftware/monorepo/obscurio/psql_proxy/modify_queries/wildcard_expander.go:105.15,106.10 1 0
github.com/prusiksoftware/monorepo/obscurio/psql_proxy/modify_queries/wildcard_expander.go:110.3,110.14 1 0
github.com/prusiksoftware/monorepo/obscurio/psql_proxy/modify_queries/wildcard_expander.go:110.14,113.42 3 0
github.com/prusiksoftware/monorepo/obscurio/psql_proxy/modify_queries/wildcard_expander.go:113.42,115.5 1 0
github.com/prusiksoftware/monorepo/obscurio/psql_proxy/modify_queries/wildcard_expander.go:118.2,118.12 1 0
github.com/prusiksoftware/monorepo/obscurio/psql_proxy/modify_queries/wildcard_expander.go:121.73,123.8 2 0
github.com/prusiksoftware/monorepo/obscurio/psql_proxy/modify_queries/wildcard_expander.go:123.8,125.24 2 0
github.com/prusiksoftware/monorepo/obscurio/psql_proxy/modify_queries/wildcard_expander.go:125.24,126.36 1 0
github.com/prusiksoftware/monorepo/obscurio/psql_proxy/modify_queries/wildcard_expander.go:126.36,128.11 2 0
github.com/prusiksoftware/monorepo/obscurio/psql_proxy/modify_queries/wildcard_expander.go:128.11,130.6 1 0
github.com/prusiksoftware/monorepo/obscurio/psql_proxy/modify_queries/wildcard_expander.go:134.2,134.11 1 0
github.com/prusiksoftware/monorepo/obscurio/psql_proxy/schema/debug_utils.go:10.47,13.16 3 0
github.com/prusiksoftware/monorepo/obscurio/psql_proxy/schema/debug_utils.go:13.16,15.3 1 0
github.com/prusiksoftware/monorepo/obscurio/psql_proxy/schema/debug_utils.go:16.2,18.16 3 0
github.com/prusiksoftware/monorepo/obscurio/psql_proxy/schema/debug_utils.go:18.16,20.3 1 0
github.com/prusiksoftware/monorepo/obscurio/psql_proxy/schema/debug_utils.go:21.2,21.19 1 0
github.com/prusiksoftware/monorepo/obscurio/psql_proxy/schema/debug_utils.go:21.19,23.3 1 0
github.com/prusiksoftware/monorepo/obscurio/psql_proxy/schema/debug_utils.go:26.43,28.16 2 0
github.com/prusiksoftware/monorepo/obscurio/psql_proxy/schema/debug_utils.go:28.16,30.3 1 0
github.com/prusiksoftware/monorepo/obscurio/psql_proxy/schema/debug_utils.go:31.2,35.11 5 0
github.com/prusiksoftware/monorepo/obscurio/psql_proxy/schema/debug_utils.go:35.11,37.17 2 0
github.com/prusiksoftware/monorepo/obscurio/psql_proxy/schema/debug_utils.go:37.17,39.4 1 0
github.com/prusiksoftware/monorepo/obscurio/psql_proxy/schema/debug_utils.go:40.3,41.15 2 0
github.com/prusiksoftware/monorepo/obscurio/psql_proxy/schema/debug_utils.go:41.15,43.4 1 0
github.com/prusiksoftware/monorepo/obscurio/psql_proxy/schema/debug_utils.go:45.2,45.10 1 0
github.com/prusiksoftware/monorepo/obscurio/psql_proxy/schema/debug_utils.go:48.33,50.16 2 0
github.com/prusiksoftware/monorepo/obscurio/psql_proxy/schema/debug_utils.go:50.16,52.3 1 0
github.com/prusiksoftware/monorepo/obscurio/psql_proxy/schema/debug_utils.go:53.2,53.24 1 0
github.com/prusiksoftware/monorepo/obscurio/psql_proxy/schema/debug_utils.go:56.41,58.16 2 0
github.com/prusiksoftware/monorepo/obscurio/psql_proxy/schema/debug_utils.go:58.16,60.3 1 0
github.com/prusiksoftware/monorepo/obscurio/psql_proxy/schema/debug_utils.go:61.2,61.18 1 0
github.com/prusiksoftware/monorepo/obscurio/psql_proxy/schema/schema.go:51.58,81.16 6 0
github.com/prusiksoftware/monorepo/obscurio/psql_proxy/schema/schema.go:81.16,82.13 1 0
github.com/prusiksoftware/monorepo/obscurio/psql_proxy/schema/schema.go:85.2,86.18 2 0
github.com/prusiksoftware/monorepo/obscurio/psql_proxy/schema/schema.go:86.18,107.17 3 0
github.com/prusiksoftware/monorepo/obscurio/psql_proxy/schema/schema.go:107.17,109.4 1 0
github.com/prusiksoftware/monorepo/obscurio/psql_proxy/schema/schema.go:111.3,111.36 1 0
github.com/prusiksoftware/monorepo/obscurio/psql_proxy/schema/schema.go:113.2,113.16 1 0
github.com/prusiksoftware/monorepo/obscurio/psql_proxy/schema/schema.go:116.38,118.16 2 0
github.com/prusiksoftware/monorepo/obscurio/psql_proxy/schema/schema.go:118.16,120.3 1 0
github.com/prusiksoftware/monorepo/obscurio/psql_proxy/schema/schema.go:121.2,124.16 3 0
github.com/prusiksoftware/monorepo/obscurio/psql_proxy/schema/schema.go:124.16,126.3 1 0
github.com/prusiksoftware/monorepo/obscurio/psql_proxy/schema/schema.go:127.2,152.16 7 0
github.com/prusiksoftware/monorepo/obscurio/psql_proxy/schema/schema.go:152.16,154.3 1 0
github.com/prusiksoftware/monorepo/obscurio/psql_proxy/schema/schema.go:156.2,157.18 2 0
github.com/prusiksoftware/monorepo/obscurio/psql_proxy/schema/schema.go:157.18,173.17 3 0
github.com/prusiksoftware/monorepo/obscurio/psql_proxy/schema/schema.go:173.17,174.14 1 0
github.com/prusiksoftware/monorepo/obscurio/psql_proxy/schema/schema.go:176.3,176.33 1 0
github.com/prusiksoftware/monorepo/obscurio/psql_proxy/schema/schema.go:179.2,179.31 1 0
github.com/prusiksoftware/monorepo/obscurio/psql_proxy/schema/schema.go:179.31,181.3 1 0
github.com/prusiksoftware/monorepo/obscurio/psql_proxy/schema/schema.go:183.2,183.15 1 0
github.com/prusiksoftware/monorepo/obscurio/psql_proxy/schema/schema.go:186.31,188.16 2 0
github.com/prusiksoftware/monorepo/obscurio/psql_proxy/schema/schema.go:188.16,190.3 1 0
github.com/prusiksoftware/monorepo/obscurio/psql_proxy/schema/schema.go:191.2,191.24 1 0
github.com/prusiksoftware/monorepo/obscurio/main.go:12.13,18.16 5 0
github.com/prusiksoftware/monorepo/obscurio/main.go:18.16,20.13 2 0
github.com/prusiksoftware/monorepo/obscurio/main.go:22.2,27.16 4 0
github.com/prusiksoftware/monorepo/obscurio/main.go:27.16,29.13 2 0
github.com/prusiksoftware/monorepo/obscurio/main.go:31.2,34.12 3 0
github.com/prusiksoftware/monorepo/obscurio/main.go:34.12,36.3 1 0
github.com/prusiksoftware/monorepo/obscurio/main.go:38.2,38.50 1 0
github.com/prusiksoftware/monorepo/obscurio/main.go:38.50,39.7 1 0
github.com/prusiksoftware/monorepo/obscurio/main.go:39.7,42.36 3 0
github.com/prusiksoftware/monorepo/obscurio/main.go:42.36,45.5 2 0
github.com/prusiksoftware/monorepo/obscurio/main.go:46.4,46.33 1 0
github.com/prusiksoftware/monorepo/obscurio/main.go:46.33,49.5 2 0
github.com/prusiksoftware/monorepo/obscurio/main.go:53.2,54.11 2 0
github.com/prusiksoftware/monorepo/obscurio/analytics/main.go:20.43,24.2 1 1
github.com/prusiksoftware/monorepo/obscurio/analytics/main.go:26.120,36.2 2 2
github.com/prusiksoftware/monorepo/obscurio/http_server/http_server.go:16.71,17.16 1 3
github.com/prusiksoftware/monorepo/obscurio/http_server/http_server.go:17.16,21.3 3 2
github.com/prusiksoftware/monorepo/obscurio/http_server/http_server.go:22.2,23.23 2 1
github.com/prusiksoftware/monorepo/obscurio/http_server/http_server.go:26.70,27.15 1 3
github.com/prusiksoftware/monorepo/obscurio/http_server/http_server.go:27.15,31.3 3 2
github.com/prusiksoftware/monorepo/obscurio/http_server/http_server.go:32.2,33.23 2 1
github.com/prusiksoftware/monorepo/obscurio/http_server/http_server.go:36.64,38.31 2 1
github.com/prusiksoftware/monorepo/obscurio/http_server/http_server.go:38.31,42.51 4 1
github.com/prusiksoftware/monorepo/obscurio/http_server/http_server.go:42.51,49.38 7 2
github.com/prusiksoftware/monorepo/obscurio/http_server/http_server.go:49.38,51.5 1 2
github.com/prusiksoftware/monorepo/obscurio/http_server/http_server.go:56.39,58.2 1 2
github.com/prusiksoftware/monorepo/obscurio/http_server/http_server.go:60.37,62.2 1 2
github.com/prusiksoftware/monorepo/obscurio/http_server/http_server.go:64.26,71.16 7 0
github.com/prusiksoftware/monorepo/obscurio/http_server/http_server.go:71.16,72.13 1 0
github.com/prusiksoftware/monorepo/obscurio/http_server/http_server.go:74.2,74.37 1 0
github.com/prusiksoftware/monorepo/obscurio/http_server/http_server.go:77.53,84.2 1 7
github.com/prusiksoftware/monorepo/obscurio/psql_proxy/client_manager.go:22.67,34.2 2 0
github.com/prusiksoftware/monorepo/obscurio/psql_proxy/client_manager.go:36.37,39.16 2 0
github.com/prusiksoftware/monorepo/obscurio/psql_proxy/client_manager.go:39.16,41.3 1 0
github.com/prusiksoftware/monorepo/obscurio/psql_proxy/client_manager.go:42.2,45.16 3 0
github.com/prusiksoftware/monorepo/obscurio/psql_proxy/client_manager.go:45.16,47.3 1 0
github.com/prusiksoftware/monorepo/obscurio/psql_proxy/client_manager.go:48.2,50.6 2 0
github.com/prusiksoftware/monorepo/obscurio/psql_proxy/client_manager.go:50.6,52.42 2 0
github.com/prusiksoftware/monorepo/obscurio/psql_proxy/client_manager.go:52.42,55.4 2 0
github.com/prusiksoftware/monorepo/obscurio/psql_proxy/client_manager.go:57.3,58.9 2 0
github.com/prusiksoftware/monorepo/obscurio/psql_proxy/client_manager.go:58.9,62.18 3 0
github.com/prusiksoftware/monorepo/obscurio/psql_proxy/client_manager.go:62.18,65.5 2 0
github.com/prusiksoftware/monorepo/obscurio/psql_proxy/client_manager.go:66.4,71.18 5 0
github.com/prusiksoftware/monorepo/obscurio/psql_proxy/client_manager.go:71.18,74.5 2 0
github.com/prusiksoftware/monorepo/obscurio/psql_proxy/client_manager.go:80.59,81.6 1 0
github.com/prusiksoftware/monorepo/obscurio/psql_proxy/client_manager.go:81.6,83.17 2 0
github.com/prusiksoftware/monorepo/obscurio/psql_proxy/client_manager.go:83.17,86.4 2 0
github.com/prusiksoftware/monorepo/obscurio/psql_proxy/client_manager.go:88.3,88.35 1 0
github.com/prusiksoftware/monorepo/obscurio/psql_proxy/client_manager.go:90.29,92.18 2 0
github.com/prusiksoftware/monorepo/obscurio/psql_proxy/client_manager.go:92.18,94.5 1 0
github.com/prusiksoftware/monorepo/obscurio/psql_proxy/client_manager.go:96.33,99.18 3 0
github.com/prusiksoftware/monorepo/obscurio/psql_proxy/client_manager.go:99.18,102.5 2 0
github.com/prusiksoftware/monorepo/obscurio/psql_proxy/client_manager.go:104.4,106.18 3 0
github.com/prusiksoftware/monorepo/obscurio/psql_proxy/client_manager.go:106.18,109.5 2 0
github.com/prusiksoftware/monorepo/obscurio/psql_proxy/client_manager.go:111.4,115.18 2 0
github.com/prusiksoftware/monorepo/obscurio/psql_proxy/client_manager.go:115.18,117.5 1 0
github.com/prusiksoftware/monorepo/obscurio/psql_proxy/client_manager.go:120.4,122.18 3 0
github.com/prusiksoftware/monorepo/obscurio/psql_proxy/client_manager.go:122.18,125.5 2 0
github.com/prusiksoftware/monorepo/obscurio/psql_proxy/client_manager.go:127.4,127.23 1 0
github.com/prusiksoftware/monorepo/obscurio/psql_proxy/client_manager.go:129.11,132.48 3 0
github.com/prusiksoftware/monorepo/obscurio/psql_proxy/client_manager.go:137.39,141.2 1 0
github.com/prusiksoftware/monorepo/obscurio/psql_proxy/config.go:59.33,60.26 1 0
github.com/prusiksoftware/monorepo/obscurio/psql_proxy/config.go:60.26,62.3 1 0
github.com/prusiksoftware/monorepo/obscurio/psql_proxy/config.go:64.2,66.20 3 0
github.com/prusiksoftware/monorepo/obscurio/psql_proxy/config.go:66.20,68.3 1 0
github.com/prusiksoftware/monorepo/obscurio/psql_proxy/config.go:71.2,72.16 2 0
github.com/prusiksoftware/monorepo/obscurio/psql_proxy/config.go:72.16,74.3 1 0
github.com/prusiksoftware/monorepo/obscurio/psql_proxy/config.go:77.2,82.16 3 0
github.com/prusiksoftware/monorepo/obscurio/psql_proxy/config.go:82.16,84.3 1 0
github.com/prusiksoftware/monorepo/obscurio/psql_proxy/config.go:86.2,86.31 1 0
github.com/prusiksoftware/monorepo/obscurio/psql_proxy/config.go:86.31,89.3 2 0
github.com/prusiksoftware/monorepo/obscurio/psql_proxy/config.go:90.2,91.15 2 0
github.com/prusiksoftware/monorepo/obscurio/psql_proxy/config.go:94.62,95.37 1 0
github.com/prusiksoftware/monorepo/obscurio/psql_proxy/config.go:95.37,96.35 1 0
github.com/prusiksoftware/monorepo/obscurio/psql_proxy/config.go:96.35,98.4 1 0
github.com/prusiksoftware/monorepo/obscurio/psql_proxy/config.go:100.2,100.79 1 0
github.com/prusiksoftware/monorepo/obscurio/psql_proxy/config.go:103.50,106.25 3 0
github.com/prusiksoftware/monorepo/obscurio/psql_proxy/config.go:106.25,108.3 1 0
github.com/prusiksoftware/monorepo/obscurio/psql_proxy/config.go:109.2,109.23 1 0
github.com/prusiksoftware/monorepo/obscurio/psql_proxy/config.go:112.51,115.35 3 0
github.com/prusiksoftware/monorepo/obscurio/psql_proxy/config.go:115.35,116.23 1 0
github.com/prusiksoftware/monorepo/obscurio/psql_proxy/config.go:116.23,118.4 1 0
github.com/prusiksoftware/monorepo/obscurio/psql_proxy/config.go:120.2,120.16 1 0
github.com/prusiksoftware/monorepo/obscurio/psql_proxy/config.go:120.16,122.3 1 0
github.com/prusiksoftware/monorepo/obscurio/psql_proxy/config.go:124.2,127.16 4 0
github.com/prusiksoftware/monorepo/obscurio/psql_proxy/config.go:127.16,129.3 1 0
github.com/prusiksoftware/monorepo/obscurio/psql_proxy/config.go:131.2,133.23 3 0
github.com/prusiksoftware/monorepo/obscurio/psql_proxy/db_manager.go:29.55,30.22 1 0
github.com/prusiksoftware/monorepo/obscurio/psql_proxy/db_manager.go:30.22,32.3 1 0
github.com/prusiksoftware/monorepo/obscurio/psql_proxy/db_manager.go:34.2,35.16 2 0
github.com/prusiksoftware/monorepo/obscurio/psql_proxy/db_manager.go:35.16,37.3 1 0
github.com/prusiksoftware/monorepo/obscurio/psql_proxy/db_manager.go:38.2,40.15 2 0
github.com/prusiksoftware/monorepo/obscurio/psql_proxy/db_manager.go:43.81,53.16 6 0
github.com/prusiksoftware/monorepo/obscurio/psql_proxy/db_manager.go:53.16,55.3 1 0
github.com/prusiksoftware/monorepo/obscurio/psql_proxy/db_manager.go:57.2,57.6 1 0
github.com/prusiksoftware/monorepo/obscurio/psql_proxy/db_manager.go:57.6,60.17 2 0
github.com/prusiksoftware/monorepo/obscurio/psql_proxy/db_manager.go:60.17,62.4 1 0
github.com/prusiksoftware/monorepo/obscurio/psql_proxy/db_manager.go:65.3,66.17 2 0
github.com/prusiksoftware/monorepo/obscurio/psql_proxy/db_manager.go:66.17,68.4 1 0
github.com/prusiksoftware/monorepo/obscurio/psql_proxy/db_manager.go:71.3,71.30 1 0
github.com/prusiksoftware/monorepo/obscurio/psql_proxy/db_manager.go:71.30,73.18 2 0
github.com/prusiksoftware/monorepo/obscurio/psql_proxy/db_manager.go:73.18,75.5 1 0
github.com/prusiksoftware/monorepo/obscurio/psql_proxy/db_manager.go:78.3,78.49 1 0
github.com/prusiksoftware/monorepo/obscurio/psql_proxy/db_manager.go:78.49,80.4 1 0
github.com/prusiksoftware/monorepo/obscurio/psql_proxy/db_manager.go:84.64,86.16 2 0
github.com/prusiksoftware/monorepo/obscurio/psql_proxy/db_manager.go:86.16,88.3 1 0
github.com/prusiksoftware/monorepo/obscurio/psql_proxy/db_manager.go:89.2,90.16 2 0
github.com/prusiksoftware/monorepo/obscurio/psql_proxy/db_manager.go:90.16,92.3 1 0
github.com/prusiksoftware/monorepo/obscurio/psql_proxy/db_manager.go:93.2,93.19 1 0
github.com/prusiksoftware/monorepo/obscurio/psql_proxy/db_manager.go:96.46,98.38 2 0
github.com/prusiksoftware/monorepo/obscurio/psql_proxy/db_manager.go:98.38,100.3 1 0
github.com/prusiksoftware/monorepo/obscurio/psql_proxy/db_manager.go:101.2,101.14 1 0
github.com/prusiksoftware/monorepo/obscurio/psql_proxy/db_manager.go:104.59,106.13 2 0
github.com/prusiksoftware/monorepo/obscurio/psql_proxy/db_manager.go:106.13,108.3 1 0
github.com/prusiksoftware/monorepo/obscurio/psql_proxy/db_manager.go:110.2,111.13 2 0
github.com/prusiksoftware/monorepo/obscurio/psql_proxy/db_manager.go:111.13,113.3 1 0
github.com/prusiksoftware/monorepo/obscurio/psql_proxy/db_manager.go:115.2,116.13 2 0
github.com/prusiksoftware/monorepo/obscurio/psql_proxy/db_manager.go:116.13,118.3 1 0
github.com/prusiksoftware/monorepo/obscurio/psql_proxy/db_manager.go:120.2,129.41 3 0
github.com/prusiksoftware/monorepo/obscurio/psql_proxy/db_manager.go:129.41,130.36 1 0
github.com/prusiksoftware/monorepo/obscurio/psql_proxy/db_manager.go:130.36,131.46 1 0
github.com/prusiksoftware/monorepo/obscurio/psql_proxy/db_manager.go:131.46,133.5 1 0
github.com/prusiksoftware/monorepo/obscurio/psql_proxy/db_manager.go:134.4,134.78 1 0
github.com/prusiksoftware/monorepo/obscurio/psql_proxy/db_manager.go:138.2,143.41 2 0
github.com/prusiksoftware/monorepo/obscurio/psql_proxy/db_manager.go:143.41,144.33 1 0
github.com/prusiksoftware/monorepo/obscurio/psql_proxy/db_manager.go:144.33,147.4 1 0
github.com/prusiksoftware/monorepo/obscurio/psql_proxy/db_manager.go:150.2,151.41 2 0
github.com/prusiksoftware/monorepo/obscurio/psql_proxy/db_manager.go:151.41,152.39 1 0
github.com/prusiksoftware/monorepo/obscurio/psql_proxy/db_manager.go:152.39,153.48 1 0
github.com/prusiksoftware/monorepo/obscurio/psql_proxy/db_manager.go:153.48,155.5 1 0
github.com/prusiksoftware/monorepo/obscurio/psql_proxy/db_manager.go:156.4,156.60 1 0
github.com/prusiksoftware/monorepo/obscurio/psql_proxy/db_manager.go:159.2,159.43 1 0
github.com/prusiksoftware/monorepo/obscurio/psql_proxy/db_manager.go:159.43,161.3 1 0
github.com/prusiksoftware/monorepo/obscurio/psql_proxy/db_manager.go:163.2,164.17 2 0
github.com/prusiksoftware/monorepo/obscurio/psql_proxy/server.go:28.71,30.48 2 0
github.com/prusiksoftware/monorepo/obscurio/psql_proxy/server.go:30.48,32.17 2 0
github.com/prusiksoftware/monorepo/obscurio/psql_proxy/server.go:32.17,34.4 1 0
github.com/prusiksoftware/monorepo/obscurio/psql_proxy/server.go:35.3,35.45 1 0
github.com/prusiksoftware/monorepo/obscurio/psql_proxy/server.go:38.2,45.16 2 0
github.com/prusiksoftware/monorepo/obscurio/psql_proxy/server.go:48.30,50.16 2 0
github.com/prusiksoftware/monorepo/obscurio/psql_proxy/server.go:50.16,52.3 1 0
github.com/prusiksoftware/monorepo/obscurio/psql_proxy/server.go:53.2,56.6 3 0
github.com/prusiksoftware/monorepo/obscurio/psql_proxy/server.go:56.6,58.17 2 0
github.com/prusiksoftware/monorepo/obscurio/psql_proxy/server.go:58.17,60.4 1 0
github.com/prusiksoftware/monorepo/obscurio/psql_proxy/server.go:61.3,61.40 1 0
github.com/prusiksoftware/monorepo/obscurio/psql_proxy/server.go:65.64,69.16 4 0
github.com/prusiksoftware/monorepo/obscurio/psql_proxy/server.go:69.16,71.3 1 0
github.com/prusiksoftware/monorepo/obscurio/psql_proxy/server.go:72.2,72.58 1 0
github.com/prusiksoftware/monorepo/obscurio/psql_proxy/server.go:75.72,77.39 2 0
github.com/prusiksoftware/monorepo/obscurio/psql_proxy/server.go:77.39,78.45 1 0
github.com/prusiksoftware/monorepo/obscurio/psql_proxy/server.go:78.45,80.4 1 0
github.com/prusiksoftware/monorepo/obscurio/psql_proxy/server.go:83.2,83.84 1 0
github.com/prusiksoftware/monorepo/obscurio/psql_proxy/test_utils.go:15.62,18.2 2 0
github.com/prusiksoftware/monorepo/obscurio/psql_proxy/test_utils.go:20.54,23.2 2 0
github.com/prusiksoftware/monorepo/obscurio/psql_proxy/test_utils.go:25.41,27.2 1 0
github.com/prusiksoftware/monorepo/obscurio/psql_proxy/test_utils.go:29.62,32.2 2 0
github.com/prusiksoftware/monorepo/obscurio/psql_proxy/modify_queries/column_hider.go:11.69,15.2 1 0
github.com/prusiksoftware/monorepo/obscurio/psql_proxy/modify_queries/column_hider.go:17.40,19.2 1 0
github.com/prusiksoftware/monorepo/obscurio/psql_proxy/modify_queries/column_hider.go:21.68,23.8 2 0
github.com/prusiksoftware/monorepo/obscurio/psql_proxy/modify_queries/column_hider.go:23.8,26.24 3 0
github.com/prusiksoftware/monorepo/obscurio/psql_proxy/modify_queries/column_hider.go:26.24,27.36 1 0
github.com/prusiksoftware/monorepo/obscurio/psql_proxy/modify_queries/column_hider.go:27.36,29.11 2 0
github.com/prusiksoftware/monorepo/obscurio/psql_proxy/modify_queries/column_hider.go:29.11,33.6 2 0
github.com/prusiksoftware/monorepo/obscurio/psql_proxy/modify_queries/column_hider.go:37.3,38.64 2 0
github.com/prusiksoftware/monorepo/obscurio/psql_proxy/modify_queries/column_hider.go:38.64,41.10 3 0
github.com/prusiksoftware/monorepo/obscurio/psql_proxy/modify_queries/column_hider.go:41.10,44.11 3 0
github.com/prusiksoftware/monorepo/obscurio/psql_proxy/modify_queries/column_hider.go:44.11,50.26 4 0
github.com/prusiksoftware/monorepo/obscurio/psql_proxy/modify_queries/column_hider.go:50.26,51.49 1 0
github.com/prusiksoftware/monorepo/obscurio/psql_proxy/modify_queries/column_hider.go:51.49,53.8 1 0
github.com/prusiksoftware/monorepo/obscurio/psql_proxy/modify_queries/column_hider.go:54.13,55.7 0 0
github.com/prusiksoftware/monorepo/obscurio/psql_proxy/modify_queries/column_hider.go:57.6,57.67 1 0
github.com/prusiksoftware/monorepo/obscurio/psql_proxy/modify_queries/column_hider.go:57.67,58.37 1 0
github.com/prusiksoftware/monorepo/obscurio/psql_proxy/modify_queries/column_hider.go:58.37,59.55 1 0
github.com/prusiksoftware/monorepo/obscurio/psql_proxy/modify_queries/column_hider.go:59.55,60.40 1 0
github.com/prusiksoftware/monorepo/obscurio/psql_proxy/modify_queries/column_hider.go:60.40,62.10 1 0
github.com/prusiksoftware/monorepo/obscurio/psql_proxy/modify_queries/column_hider.go:69.4,69.19 1 0
github.com/prusiksoftware/monorepo/obscurio/psql_proxy/modify_queries/column_hider.go:69.19,71.5 1 0
github.com/prusiksoftware/monorepo/obscurio/psql_proxy/modify_queries/column_hider.go:73.3,73.56 1 0
github.com/prusiksoftware/monorepo/obscurio/psql_proxy/modify_queries/column_hider.go:75.2,75.12 1 0
github.com/prusiksoftware/monorepo/obscurio/psql_proxy/modify_queries/column_replacer.go:12.84,17.2 1 0
github.com/prusiksoftware/monorepo/obscurio/psql_proxy/modify_queries/column_replacer.go:19.43,21.2 1 0
github.com/prusiksoftware/monorepo/obscurio/psql_proxy/modify_queries/column_replacer.go:23.63,25.23 2 0
github.com/prusiksoftware/monorepo/obscurio/psql_proxy/modify_queries/column_replacer.go:25.23,27.3 1 0
github.com/prusiksoftware/monorepo/obscurio/psql_proxy/modify_queries/column_replacer.go:29.2,29.47 1 0
github.com/prusiksoftware/monorepo/obscurio/psql_proxy/modify_queries/column_replacer.go:29.47,31.9 2 0
github.com/prusiksoftware/monorepo/obscurio/psql_proxy/modify_queries/column_replacer.go:31.9,34.10 3 0
github.com/prusiksoftware/monorepo/obscurio/psql_proxy/modify_queries/column_replacer.go:34.10,37.24 3 0
github.com/prusiksoftware/monorepo/obscurio/psql_proxy/modify_queries/column_replacer.go:37.24,38.14 1 0
github.com/prusiksoftware/monorepo/obscurio/psql_proxy/modify_queries/column_replacer.go:41.5,42.25 2 0
github.com/prusiksoftware/monorepo/obscurio/psql_proxy/modify_queries/column_replacer.go:42.25,44.6 1 0
github.com/prusiksoftware/monorepo/obscurio/psql_proxy/modify_queries/column_replacer.go:46.5,46.34 1 0
github.com/prusiksoftware/monorepo/obscurio/psql_proxy/modify_queries/column_replacer.go:46.34,47.50 1 0
github.com/prusiksoftware/monorepo/obscurio/psql_proxy/modify_queries/column_replacer.go:47.50,58.7 2 0
github.com/prusiksoftware/monorepo/obscurio/psql_proxy/modify_queries/column_replacer.go:63.2,63.12 1 0
github.com/prusiksoftware/monorepo/obscurio/psql_proxy/modify_queries/query_modifier.go:18.91,20.16 2 0
github.com/prusiksoftware/monorepo/obscurio/psql_proxy/modify_queries/query_modifier.go:20.16,22.3 1 0
github.com/prusiksoftware/monorepo/obscurio/psql_proxy/modify_queries/query_modifier.go:23.2,27.8 1 0
github.com/prusiksoftware/monorepo/obscurio/psql_proxy/modify_queries/query_modifier.go:30.41,31.38 1 0
github.com/prusiksoftware/monorepo/obscurio/psql_proxy/modify_queries/query_modifier.go:31.38,32.37 1 0
github.com/prusiksoftware/monorepo/obscurio/psql_proxy/modify_queries/query_modifier.go:32.37,34.18 2 0
github.com/prusiksoftware/monorepo/obscurio/psql_proxy/modify_queries/query_modifier.go:34.18,36.5 1 0
github.com/prusiksoftware/monorepo/obscurio/psql_proxy/modify_queries/query_modifier.go:39.2,39.12 1 0
github.com/prusiksoftware/monorepo/obscurio/psql_proxy/modify_queries/query_modifier.go:42.50,44.16 2 0
github.com/prusiksoftware/monorepo/obscurio/psql_proxy/modify_queries/query_modifier.go:44.16,46.3 1 0
github.com/prusiksoftware/monorepo/obscurio/psql_proxy/modify_queries/query_modifier.go:47.2,47.17 1 0
github.com/prusiksoftware/monorepo/obscurio/psql_proxy/modify_queries/row_hider.go:25.81,32.2 1 0
github.com/prusiksoftware/monorepo/obscurio/psql_proxy/modify_queries/row_hider.go:34.37,36.2 1 0
github.com/prusiksoftware/monorepo/obscurio/psql_proxy/modify_queries/row_hider.go:38.65,40.8 2 0
github.com/prusiksoftware/monorepo/obscurio/psql_proxy/modify_queries/row_hider.go:40.8,42.24 2 0
github.com/prusiksoftware/monorepo/obscurio/psql_proxy/modify_queries/row_hider.go:42.24,43.36 1 0
github.com/prusiksoftware/monorepo/obscurio/psql_proxy/modify_queries/row_hider.go:43.36,45.11 2 0
github.com/prusiksoftware/monorepo/obscurio/psql_proxy/modify_queries/row_hider.go:45.11,47.35 2 0
github.com/prusiksoftware/monorepo/obscurio/psql_proxy/modify_queries/row_hider.go:47.35,51.29 2 0
github.com/prusiksoftware/monorepo/obscurio/psql_proxy/modify_queries/row_hider.go:51.29,54.8 2 0
github.com/prusiksoftware/monorepo/obscurio/psql_proxy/modify_queries/row_hider.go:57.7,58.17 2 0
github.com/prusiksoftware/monorepo/obscurio/psql_proxy/modify_queries/row_hider.go:64.2,64.12 1 0
github.com/prusiksoftware/monorepo/obscurio/psql_proxy/modify_queries/row_hider.go:67.49,104.2 1 0
github.com/prusiksoftware/monorepo/obscurio/psql_proxy/modify_queries/row_hider.go:106.63,114.2 2 0
github.com/prusiksoftware/monorepo/obscurio/psql_proxy/modify_queries/row_hider.go:116.66,140.2 3 0
github.com/prusiksoftware/monorepo/obscurio/psql_proxy/modify_queries/wildcard_expander.go:15.102,20.2 1 0
github.com/prusiksoftware/monorepo/obscurio/psql_proxy/modify_queries/wildcard_expander.go:22.45,24.2 1 0
github.com/prusiksoftware/monorepo/obscurio/psql_proxy/modify_queries/wildcard_expander.go:26.83,28.29 2 0
github.com/prusiksoftware/monorepo/obscurio/psql_proxy/modify_queries/wildcard_expander.go:28.29,34.3 1 0
github.com/prusiksoftware/monorepo/obscurio/psql_proxy/modify_queries/wildcard_expander.go:36.2,48.4 1 0
github.com/prusiksoftware/monorepo/obscurio/psql_proxy/modify_queries/wildcard_expander.go:52.83,54.44 2 0
github.com/prusiksoftware/monorepo/obscurio/psql_proxy/modify_queries/wildcard_expander.go:54.44,55.35 1 0
github.com/prusiksoftware/monorepo/obscurio/psql_proxy/modify_queries/wildcard_expander.go:55.35,56.41 1 0
github.com/prusiksoftware/monorepo/obscurio/psql_proxy/modify_queries/wildcard_expander.go:56.41,58.5 1 0
github.com/prusiksoftware/monorepo/obscurio/psql_proxy/modify_queries/wildcard_expander.go:61.2,61.20 1 0
github.com/prusiksoftware/monorepo/obscurio/psql_proxy/modify_queries/wildcard_expander.go:64.77,66.8 2 0
github.com/prusiksoftware/monorepo/obscurio/psql_proxy/modify_queries/wildcard_expander.go:66.8,67.46 1 0
github.com/prusiksoftware/monorepo/obscurio/psql_proxy/modify_queries/wildcard_expander.go:67.46,68.34 1 0
github.com/prusiksoftware/monorepo/obscurio/psql_proxy/modify_queries/wildcard_expander.go:68.34,70.5 1 0
github.com/prusiksoftware/monorepo/obscurio/psql_proxy/modify_queries/wildcard_expander.go:73.2,73.14 1 0
github.com/prusiksoftware/monorepo/obscurio/psql_proxy/modify_queries/wildcard_expander.go:76.65,78.8 2 0
github.com/prusiksoftware/monorepo/obscurio/psql_proxy/modify_queries/wildcard_expander.go:78.8,81.37 3 0
github.com/prusiksoftware/monorepo/obscurio/psql_proxy/modify_queries/wildcard_expander.go:81.37,83.24 2 0
github.com/prusiksoftware/monorepo/obscurio/psql_proxy/modify_queries/wildcard_expander.go:83.24,85.19 2 0
github.com/prusiksoftware/monorepo/obscurio/psql_proxy/modify_queries/wildcard_expander.go:85.19,87.23 2 0
github.com/prusiksoftware/monorepo/obscurio/psql_proxy/modify_queries/wildcard_expander.go:87.23,88.43 1 0
github.com/prusiksoftware/monorepo/obscurio/psql_proxy/modify_queries/wildcard_expander.go:88.43,89.35 1 0
github.com/prusiksoftware/monorepo/obscurio/psql_proxy/modify_queries/wildcard_expander.go:89.35,92.14 3 0
github.com/prusiksoftware/monorepo/obscurio/psql_proxy/modify_queries/wildcard_expander.go:93.14,97.21 4 0
github.com/prusiksoftware/monorepo/obscurio/psql_proxy/modify_queries/wildcard_expander.go:97.21,99.10 1 0
github.com/prusiksoftware/monorepo/obscurio/psql_proxy/modify_queries/wildcard_expander.go:105.4,105.15 1 0
github.com/prusiksoftware/monorepo/obscurio/psql_proxy/modify_queries/wildcard_expander.go:105.15,106.10 1 0
github.com/prusiksoftware/monorepo/obscurio/psql_proxy/modify_queries/wildcard_expander.go:110.3,110.14 1 0
github.com/prusiksoftware/monorepo/obscurio/psql_proxy/modify_queries/wildcard_expander.go:110.14,113.42 3 0
github.com/prusiksoftware/monorepo/obscurio/psql_proxy/modify_queries/wildcard_expander.go:113.42,115.5 1 0
github.com/prusiksoftware/monorepo/obscurio/psql_proxy/modify_queries/wildcard_expander.go:118.2,118.12 1 0
github.com/prusiksoftware/monorepo/obscurio/psql_proxy/modify_queries/wildcard_expander.go:121.73,123.8 2 0
github.com/prusiksoftware/monorepo/obscurio/psql_proxy/modify_queries/wildcard_expander.go:123.8,125.24 2 0
github.com/prusiksoftware/monorepo/obscurio/psql_proxy/modify_queries/wildcard_expander.go:125.24,126.36 1 0
github.com/prusiksoftware/monorepo/obscurio/psql_proxy/modify_queries/wildcard_expander.go:126.36,128.11 2 0
github.com/prusiksoftware/monorepo/obscurio/psql_proxy/modify_queries/wildcard_expander.go:128.11,130.6 1 0
github.com/prusiksoftware/monorepo/obscurio/psql_proxy/modify_queries/wildcard_expander.go:134.2,134.11 1 0
github.com/prusiksoftware/monorepo/obscurio/psql_proxy/schema/debug_utils.go:10.47,13.16 3 0
github.com/prusiksoftware/monorepo/obscurio/psql_proxy/schema/debug_utils.go:13.16,15.3 1 0
github.com/prusiksoftware/monorepo/obscurio/psql_proxy/schema/debug_utils.go:16.2,18.16 3 0
github.com/prusiksoftware/monorepo/obscurio/psql_proxy/schema/debug_utils.go:18.16,20.3 1 0
github.com/prusiksoftware/monorepo/obscurio/psql_proxy/schema/debug_utils.go:21.2,21.19 1 0
github.com/prusiksoftware/monorepo/obscurio/psql_proxy/schema/debug_utils.go:21.19,23.3 1 0
github.com/prusiksoftware/monorepo/obscurio/psql_proxy/schema/debug_utils.go:26.43,28.16 2 0
github.com/prusiksoftware/monorepo/obscurio/psql_proxy/schema/debug_utils.go:28.16,30.3 1 0
github.com/prusiksoftware/monorepo/obscurio/psql_proxy/schema/debug_utils.go:31.2,35.11 5 0
github.com/prusiksoftware/monorepo/obscurio/psql_proxy/schema/debug_utils.go:35.11,37.17 2 0
github.com/prusiksoftware/monorepo/obscurio/psql_proxy/schema/debug_utils.go:37.17,39.4 1 0
github.com/prusiksoftware/monorepo/obscurio/psql_proxy/schema/debug_utils.go:40.3,41.15 2 0
github.com/prusiksoftware/monorepo/obscurio/psql_proxy/schema/debug_utils.go:41.15,43.4 1 0
github.com/prusiksoftware/monorepo/obscurio/psql_proxy/schema/debug_utils.go:45.2,45.10 1 0
github.com/prusiksoftware/monorepo/obscurio/psql_proxy/schema/debug_utils.go:48.33,50.16 2 0
github.com/prusiksoftware/monorepo/obscurio/psql_proxy/schema/debug_utils.go:50.16,52.3 1 0
github.com/prusiksoftware/monorepo/obscurio/psql_proxy/schema/debug_utils.go:53.2,53.24 1 0
github.com/prusiksoftware/monorepo/obscurio/psql_proxy/schema/debug_utils.go:56.41,58.16 2 0
github.com/prusiksoftware/monorepo/obscurio/psql_proxy/schema/debug_utils.go:58.16,60.3 1 0
github.com/prusiksoftware/monorepo/obscurio/psql_proxy/schema/debug_utils.go:61.2,61.18 1 0
github.com/prusiksoftware/monorepo/obscurio/psql_proxy/schema/schema.go:51.58,81.16 6 0
github.com/prusiksoftware/monorepo/obscurio/psql_proxy/schema/schema.go:81.16,82.13 1 0
github.com/prusiksoftware/monorepo/obscurio/psql_proxy/schema/schema.go:85.2,86.18 2 0
github.com/prusiksoftware/monorepo/obscurio/psql_proxy/schema/schema.go:86.18,107.17 3 0
github.com/prusiksoftware/monorepo/obscurio/psql_proxy/schema/schema.go:107.17,109.4 1 0
github.com/prusiksoftware/monorepo/obscurio/psql_proxy/schema/schema.go:111.3,111.36 1 0
github.com/prusiksoftware/monorepo/obscurio/psql_proxy/schema/schema.go:113.2,113.16 1 0
github.com/prusiksoftware/monorepo/obscurio/psql_proxy/schema/schema.go:116.38,118.16 2 0
github.com/prusiksoftware/monorepo/obscurio/psql_proxy/schema/schema.go:118.16,120.3 1 0
github.com/prusiksoftware/monorepo/obscurio/psql_proxy/schema/schema.go:121.2,124.16 3 0
github.com/prusiksoftware/monorepo/obscurio/psql_proxy/schema/schema.go:124.16,126.3 1 0
github.com/prusiksoftware/monorepo/obscurio/psql_proxy/schema/schema.go:127.2,152.16 7 0
github.com/prusiksoftware/monorepo/obscurio/psql_proxy/schema/schema.go:152.16,154.3 1 0
github.com/prusiksoftware/monorepo/obscurio/psql_proxy/schema/schema.go:156.2,157.18 2 0
github.com/prusiksoftware/monorepo/obscurio/psql_proxy/schema/schema.go:157.18,173.17 3 0
github.com/prusiksoftware/monorepo/obscurio/psql_proxy/schema/schema.go:173.17,174.14 1 0
github.com/prusiksoftware/monorepo/obscurio/psql_proxy/schema/schema.go:176.3,176.33 1 0
github.com/prusiksoftware/monorepo/obscurio/psql_proxy/schema/schema.go:179.2,179.31 1 0
github.com/prusiksoftware/monorepo/obscurio/psql_proxy/schema/schema.go:179.31,181.3 1 0
github.com/prusiksoftware/monorepo/obscurio/psql_proxy/schema/schema.go:183.2,183.15 1 0
github.com/prusiksoftware/monorepo/obscurio/psql_proxy/schema/schema.go:186.31,188.16 2 0
github.com/prusiksoftware/monorepo/obscurio/psql_proxy/schema/schema.go:188.16,190.3 1 0
github.com/prusiksoftware/monorepo/obscurio/psql_proxy/schema/schema.go:191.2,191.24 1 0
github.com/prusiksoftware/monorepo/obscurio/main.go:12.13,18.16 5 0
github.com/prusiksoftware/monorepo/obscurio/main.go:18.16,20.13 2 0
github.com/prusiksoftware/monorepo/obscurio/main.go:22.2,27.16 4 0
github.com/prusiksoftware/monorepo/obscurio/main.go:27.16,29.13 2 0
github.com/prusiksoftware/monorepo/obscurio/main.go:31.2,34.12 3 0
github.com/prusiksoftware/monorepo/obscurio/main.go:34.12,36.3 1 0
github.com/prusiksoftware/monorepo/obscurio/main.go:38.2,38.50 1 0
github.com/prusiksoftware/monorepo/obscurio/main.go:38.50,39.7 1 0
github.com/prusiksoftware/monorepo/obscurio/main.go:39.7,42.36 3 0
github.com/prusiksoftware/monorepo/obscurio/main.go:42.36,45.5 2 0
github.com/prusiksoftware/monorepo/obscurio/main.go:46.4,46.33 1 0
github.com/prusiksoftware/monorepo/obscurio/main.go:46.33,49.5 2 0
github.com/prusiksoftware/monorepo/obscurio/main.go:53.2,54.11 2 0
github.com/prusiksoftware/monorepo/obscurio/analytics/main.go:20.43,24.2 1 0
github.com/prusiksoftware/monorepo/obscurio/analytics/main.go:26.120,36.2 2 0
github.com/prusiksoftware/monorepo/obscurio/http_server/http_server.go:16.71,17.16 1 0
github.com/prusiksoftware/monorepo/obscurio/http_server/http_server.go:17.16,21.3 3 0
github.com/prusiksoftware/monorepo/obscurio/http_server/http_server.go:22.2,23.23 2 0
github.com/prusiksoftware/monorepo/obscurio/http_server/http_server.go:26.70,27.15 1 0
github.com/prusiksoftware/monorepo/obscurio/http_server/http_server.go:27.15,31.3 3 0
github.com/prusiksoftware/monorepo/obscurio/http_server/http_server.go:32.2,33.23 2 0
github.com/prusiksoftware/monorepo/obscurio/http_server/http_server.go:36.64,38.31 2 0
github.com/prusiksoftware/monorepo/obscurio/http_server/http_server.go:38.31,42.51 4 0
github.com/prusiksoftware/monorepo/obscurio/http_server/http_server.go:42.51,49.38 7 0
github.com/prusiksoftware/monorepo/obscurio/http_server/http_server.go:49.38,51.5 1 0
github.com/prusiksoftware/monorepo/obscurio/http_server/http_server.go:56.39,58.2 1 0
github.com/prusiksoftware/monorepo/obscurio/http_server/http_server.go:60.37,62.2 1 0
github.com/prusiksoftware/monorepo/obscurio/http_server/http_server.go:64.26,71.16 7 0
github.com/prusiksoftware/monorepo/obscurio/http_server/http_server.go:71.16,72.13 1 0
github.com/prusiksoftware/monorepo/obscurio/http_server/http_server.go:74.2,74.37 1 0
github.com/prusiksoftware/monorepo/obscurio/http_server/http_server.go:77.53,84.2 1 0
github.com/prusiksoftware/monorepo/obscurio/psql_proxy/client_manager.go:22.67,34.2 2 0
github.com/prusiksoftware/monorepo/obscurio/psql_proxy/client_manager.go:36.37,39.16 2 0
github.com/prusiksoftware/monorepo/obscurio/psql_proxy/client_manager.go:39.16,41.3 1 0
github.com/prusiksoftware/monorepo/obscurio/psql_proxy/client_manager.go:42.2,45.16 3 0
github.com/prusiksoftware/monorepo/obscurio/psql_proxy/client_manager.go:45.16,47.3 1 0
github.com/prusiksoftware/monorepo/obscurio/psql_proxy/client_manager.go:48.2,50.6 2 0
github.com/prusiksoftware/monorepo/obscurio/psql_proxy/client_manager.go:50.6,52.42 2 0
github.com/prusiksoftware/monorepo/obscurio/psql_proxy/client_manager.go:52.42,55.4 2 0
github.com/prusiksoftware/monorepo/obscurio/psql_proxy/client_manager.go:57.3,58.9 2 0
github.com/prusiksoftware/monorepo/obscurio/psql_proxy/client_manager.go:58.9,62.18 3 0
github.com/prusiksoftware/monorepo/obscurio/psql_proxy/client_manager.go:62.18,65.5 2 0
github.com/prusiksoftware/monorepo/obscurio/psql_proxy/client_manager.go:66.4,71.18 5 0
github.com/prusiksoftware/monorepo/obscurio/psql_proxy/client_manager.go:71.18,74.5 2 0
github.com/prusiksoftware/monorepo/obscurio/psql_proxy/client_manager.go:80.59,81.6 1 0
github.com/prusiksoftware/monorepo/obscurio/psql_proxy/client_manager.go:81.6,83.17 2 0
github.com/prusiksoftware/monorepo/obscurio/psql_proxy/client_manager.go:83.17,86.4 2 0
github.com/prusiksoftware/monorepo/obscurio/psql_proxy/client_manager.go:88.3,88.35 1 0
github.com/prusiksoftware/monorepo/obscurio/psql_proxy/client_manager.go:90.29,92.18 2 0
github.com/prusiksoftware/monorepo/obscurio/psql_proxy/client_manager.go:92.18,94.5 1 0
github.com/prusiksoftware/monorepo/obscurio/psql_proxy/client_manager.go:96.33,99.18 3 0
github.com/prusiksoftware/monorepo/obscurio/psql_proxy/client_manager.go:99.18,102.5 2 0
github.com/prusiksoftware/monorepo/obscurio/psql_proxy/client_manager.go:104.4,106.18 3 0
github.com/prusiksoftware/monorepo/obscurio/psql_proxy/client_manager.go:106.18,109.5 2 0
github.com/prusiksoftware/monorepo/obscurio/psql_proxy/client_manager.go:111.4,115.18 2 0
github.com/prusiksoftware/monorepo/obscurio/psql_proxy/client_manager.go:115.18,117.5 1 0
github.com/prusiksoftware/monorepo/obscurio/psql_proxy/client_manager.go:120.4,122.18 3 0
github.com/prusiksoftware/monorepo/obscurio/psql_proxy/client_manager.go:122.18,125.5 2 0
github.com/prusiksoftware/monorepo/obscurio/psql_proxy/client_manager.go:127.4,127.23 1 0
github.com/prusiksoftware/monorepo/obscurio/psql_proxy/client_manager.go:129.11,132.48 3 0
github.com/prusiksoftware/monorepo/obscurio/psql_proxy/client_manager.go:137.39,141.2 1 0
github.com/prusiksoftware/monorepo/obscurio/psql_proxy/config.go:59.33,60.26 1 0
github.com/prusiksoftware/monorepo/obscurio/psql_proxy/config.go:60.26,62.3 1 0
github.com/prusiksoftware/monorepo/obscurio/psql_proxy/config.go:64.2,66.20 3 0
github.com/prusiksoftware/monorepo/obscurio/psql_proxy/config.go:66.20,68.3 1 0
github.com/prusiksoftware/monorepo/obscurio/psql_proxy/config.go:71.2,72.16 2 0
github.com/prusiksoftware/monorepo/obscurio/psql_proxy/config.go:72.16,74.3 1 0
github.com/prusiksoftware/monorepo/obscurio/psql_proxy/config.go:77.2,82.16 3 0
github.com/prusiksoftware/monorepo/obscurio/psql_proxy/config.go:82.16,84.3 1 0
github.com/prusiksoftware/monorepo/obscurio/psql_proxy/config.go:86.2,86.31 1 0
github.com/prusiksoftware/monorepo/obscurio/psql_proxy/config.go:86.31,89.3 2 0
github.com/prusiksoftware/monorepo/obscurio/psql_proxy/config.go:90.2,91.15 2 0
github.com/prusiksoftware/monorepo/obscurio/psql_proxy/config.go:94.62,95.37 1 0
github.com/prusiksoftware/monorepo/obscurio/psql_proxy/config.go:95.37,96.35 1 0
github.com/prusiksoftware/monorepo/obscurio/psql_proxy/config.go:96.35,98.4 1 0
github.com/prusiksoftware/monorepo/obscurio/psql_proxy/config.go:100.2,100.79 1 0
github.com/prusiksoftware/monorepo/obscurio/psql_proxy/config.go:103.50,106.25 3 0
github.com/prusiksoftware/monorepo/obscurio/psql_proxy/config.go:106.25,108.3 1 0
github.com/prusiksoftware/monorepo/obscurio/psql_proxy/config.go:109.2,109.23 1 0
github.com/prusiksoftware/monorepo/obscurio/psql_proxy/config.go:112.51,115.35 3 0
github.com/prusiksoftware/monorepo/obscurio/psql_proxy/config.go:115.35,116.23 1 0
github.com/prusiksoftware/monorepo/obscurio/psql_proxy/config.go:116.23,118.4 1 0
github.com/prusiksoftware/monorepo/obscurio/psql_proxy/config.go:120.2,120.16 1 0
github.com/prusiksoftware/monorepo/obscurio/psql_proxy/config.go:120.16,122.3 1 0
github.com/prusiksoftware/monorepo/obscurio/psql_proxy/config.go:124.2,127.16 4 0
github.com/prusiksoftware/monorepo/obscurio/psql_proxy/config.go:127.16,129.3 1 0
github.com/prusiksoftware/monorepo/obscurio/psql_proxy/config.go:131.2,133.23 3 0
github.com/prusiksoftware/monorepo/obscurio/psql_proxy/db_manager.go:29.55,30.22 1 0
github.com/prusiksoftware/monorepo/obscurio/psql_proxy/db_manager.go:30.22,32.3 1 0
github.com/prusiksoftware/monorepo/obscurio/psql_proxy/db_manager.go:34.2,35.16 2 0
github.com/prusiksoftware/monorepo/obscurio/psql_proxy/db_manager.go:35.16,37.3 1 0
github.com/prusiksoftware/monorepo/obscurio/psql_proxy/db_manager.go:38.2,40.15 2 0
github.com/prusiksoftware/monorepo/obscurio/psql_proxy/db_manager.go:43.81,53.16 6 0
github.com/prusiksoftware/monorepo/obscurio/psql_proxy/db_manager.go:53.16,55.3 1 0
github.com/prusiksoftware/monorepo/obscurio/psql_proxy/db_manager.go:57.2,57.6 1 0
github.com/prusiksoftware/monorepo/obscurio/psql_proxy/db_manager.go:57.6,60.17 2 0
github.com/prusiksoftware/monorepo/obscurio/psql_proxy/db_manager.go:60.17,62.4 1 0
github.com/prusiksoftware/monorepo/obscurio/psql_proxy/db_manager.go:65.3,66.17 2 0
github.com/prusiksoftware/monorepo/obscurio/psql_proxy/db_manager.go:66.17,68.4 1 0
github.com/prusiksoftware/monorepo/obscurio/psql_proxy/db_manager.go:71.3,71.30 1 0
github.com/prusiksoftware/monorepo/obscurio/psql_proxy/db_manager.go:71.30,73.18 2 0
github.com/prusiksoftware/monorepo/obscurio/psql_proxy/db_manager.go:73.18,75.5 1 0
github.com/prusiksoftware/monorepo/obscurio/psql_proxy/db_manager.go:78.3,78.49 1 0
github.com/prusiksoftware/monorepo/obscurio/psql_proxy/db_manager.go:78.49,80.4 1 0
github.com/prusiksoftware/monorepo/obscurio/psql_proxy/db_manager.go:84.64,86.16 2 0
github.com/prusiksoftware/monorepo/obscurio/psql_proxy/db_manager.go:86.16,88.3 1 0
github.com/prusiksoftware/monorepo/obscurio/psql_proxy/db_manager.go:89.2,90.16 2 0
github.com/prusiksoftware/monorepo/obscurio/psql_proxy/db_manager.go:90.16,92.3 1 0
github.com/prusiksoftware/monorepo/obscurio/psql_proxy/db_manager.go:93.2,93.19 1 0
github.com/prusiksoftware/monorepo/obscurio/psql_proxy/db_manager.go:96.46,98.38 2 0
github.com/prusiksoftware/monorepo/obscurio/psql_proxy/db_manager.go:98.38,100.3 1 0
github.com/prusiksoftware/monorepo/obscurio/psql_proxy/db_manager.go:101.2,101.14 1 0
github.com/prusiksoftware/monorepo/obscurio/psql_proxy/db_manager.go:104.59,106.13 2 0
github.com/prusiksoftware/monorepo/obscurio/psql_proxy/db_manager.go:106.13,108.3 1 0
github.com/prusiksoftware/monorepo/obscurio/psql_proxy/db_manager.go:110.2,111.13 2 0
github.com/prusiksoftware/monorepo/obscurio/psql_proxy/db_manager.go:111.13,113.3 1 0
github.com/prusiksoftware/monorepo/obscurio/psql_proxy/db_manager.go:115.2,116.13 2 0
github.com/prusiksoftware/monorepo/obscurio/psql_proxy/db_manager.go:116.13,118.3 1 0
github.com/prusiksoftware/monorepo/obscurio/psql_proxy/db_manager.go:120.2,129.41 3 0
github.com/prusiksoftware/monorepo/obscurio/psql_proxy/db_manager.go:129.41,130.36 1 0
github.com/prusiksoftware/monorepo/obscurio/psql_proxy/db_manager.go:130.36,131.46 1 0
github.com/prusiksoftware/monorepo/obscurio/psql_proxy/db_manager.go:131.46,133.5 1 0
github.com/prusiksoftware/monorepo/obscurio/psql_proxy/db_manager.go:134.4,134.78 1 0
github.com/prusiksoftware/monorepo/obscurio/psql_proxy/db_manager.go:138.2,143.41 2 0
github.com/prusiksoftware/monorepo/obscurio/psql_proxy/db_manager.go:143.41,144.33 1 0
github.com/prusiksoftware/monorepo/obscurio/psql_proxy/db_manager.go:144.33,147.4 1 0
github.com/prusiksoftware/monorepo/obscurio/psql_proxy/db_manager.go:150.2,151.41 2 0
github.com/prusiksoftware/monorepo/obscurio/psql_proxy/db_manager.go:151.41,152.39 1 0
github.com/prusiksoftware/monorepo/obscurio/psql_proxy/db_manager.go:152.39,153.48 1 0
github.com/prusiksoftware/monorepo/obscurio/psql_proxy/db_manager.go:153.48,155.5 1 0
github.com/prusiksoftware/monorepo/obscurio/psql_proxy/db_manager.go:156.4,156.60 1 0
github.com/prusiksoftware/monorepo/obscurio/psql_proxy/db_manager.go:159.2,159.43 1 0
github.com/prusiksoftware/monorepo/obscurio/psql_proxy/db_manager.go:159.43,161.3 1 0
github.com/prusiksoftware/monorepo/obscurio/psql_proxy/db_manager.go:163.2,164.17 2 0
github.com/prusiksoftware/monorepo/obscurio/psql_proxy/server.go:28.71,30.48 2 0
github.com/prusiksoftware/monorepo/obscurio/psql_proxy/server.go:30.48,32.17 2 0
github.com/prusiksoftware/monorepo/obscurio/psql_proxy/server.go:32.17,34.4 1 0
github.com/prusiksoftware/monorepo/obscurio/psql_proxy/server.go:35.3,35.45 1 0
github.com/prusiksoftware/monorepo/obscurio/psql_proxy/server.go:38.2,45.16 2 0
github.com/prusiksoftware/monorepo/obscurio/psql_proxy/server.go:48.30,50.16 2 0
github.com/prusiksoftware/monorepo/obscurio/psql_proxy/server.go:50.16,52.3 1 0
github.com/prusiksoftware/monorepo/obscurio/psql_proxy/server.go:53.2,56.6 3 0
github.com/prusiksoftware/monorepo/obscurio/psql_proxy/server.go:56.6,58.17 2 0
github.com/prusiksoftware/monorepo/obscurio/psql_proxy/server.go:58.17,60.4 1 0
github.com/prusiksoftware/monorepo/obscurio/psql_proxy/server.go:61.3,61.40 1 0
github.com/prusiksoftware/monorepo/obscurio/psql_proxy/server.go:65.64,69.16 4 0
github.com/prusiksoftware/monorepo/obscurio/psql_proxy/server.go:69.16,71.3 1 0
github.com/prusiksoftware/monorepo/obscurio/psql_proxy/server.go:72.2,72.58 1 0
github.com/prusiksoftware/monorepo/obscurio/psql_proxy/server.go:75.72,77.39 2 0
github.com/prusiksoftware/monorepo/obscurio/psql_proxy/server.go:77.39,78.45 1 0
github.com/prusiksoftware/monorepo/obscurio/psql_proxy/server.go:78.45,80.4 1 0
github.com/prusiksoftware/monorepo/obscurio/psql_proxy/server.go:83.2,83.84 1 0
github.com/prusiksoftware/monorepo/obscurio/psql_proxy/test_utils.go:15.62,18.2 2 0
github.com/prusiksoftware/monorepo/obscurio/psql_proxy/test_utils.go:20.54,23.2 2 0
github.com/prusiksoftware/monorepo/obscurio/psql_proxy/test_utils.go:25.41,27.2 1 0
github.com/prusiksoftware/monorepo/obscurio/psql_proxy/test_utils.go:29.62,32.2 2 0
github.com/prusiksoftware/monorepo/obscurio/psql_proxy/modify_queries/column_hider.go:11.69,15.2 1 0
github.com/prusiksoftware/monorepo/obscurio/psql_proxy/modify_queries/column_hider.go:17.40,19.2 1 0
github.com/prusiksoftware/monorepo/obscurio/psql_proxy/modify_queries/column_hider.go:21.68,23.8 2 0
github.com/prusiksoftware/monorepo/obscurio/psql_proxy/modify_queries/column_hider.go:23.8,26.24 3 0
github.com/prusiksoftware/monorepo/obscurio/psql_proxy/modify_queries/column_hider.go:26.24,27.36 1 0
github.com/prusiksoftware/monorepo/obscurio/psql_proxy/modify_queries/column_hider.go:27.36,29.11 2 0
github.com/prusiksoftware/monorepo/obscurio/psql_proxy/modify_queries/column_hider.go:29.11,33.6 2 0
github.com/prusiksoftware/monorepo/obscurio/psql_proxy/modify_queries/column_hider.go:37.3,38.64 2 0
github.com/prusiksoftware/monorepo/obscurio/psql_proxy/modify_queries/column_hider.go:38.64,41.10 3 0
github.com/prusiksoftware/monorepo/obscurio/psql_proxy/modify_queries/column_hider.go:41.10,44.11 3 0
github.com/prusiksoftware/monorepo/obscurio/psql_proxy/modify_queries/column_hider.go:44.11,50.26 4 0
github.com/prusiksoftware/monorepo/obscurio/psql_proxy/modify_queries/column_hider.go:50.26,51.49 1 0
github.com/prusiksoftware/monorepo/obscurio/psql_proxy/modify_queries/column_hider.go:51.49,53.8 1 0
github.com/prusiksoftware/monorepo/obscurio/psql_proxy/modify_queries/column_hider.go:54.13,55.7 0 0
github.com/prusiksoftware/monorepo/obscurio/psql_proxy/modify_queries/column_hider.go:57.6,57.67 1 0
github.com/prusiksoftware/monorepo/obscurio/psql_proxy/modify_queries/column_hider.go:57.67,58.37 1 0
github.com/prusiksoftware/monorepo/obscurio/psql_proxy/modify_queries/column_hider.go:58.37,59.55 1 0
github.com/prusiksoftware/monorepo/obscurio/psql_proxy/modify_queries/column_hider.go:59.55,60.40 1 0
github.com/prusiksoftware/monorepo/obscurio/psql_proxy/modify_queries/column_hider.go:60.40,62.10 1 0
github.com/prusiksoftware/monorepo/obscurio/psql_proxy/modify_queries/column_hider.go:69.4,69.19 1 0
github.com/prusiksoftware/monorepo/obscurio/psql_proxy/modify_queries/column_hider.go:69.19,71.5 1 0
github.com/prusiksoftware/monorepo/obscurio/psql_proxy/modify_queries/column_hider.go:73.3,73.56 1 0
github.com/prusiksoftware/monorepo/obscurio/psql_proxy/modify_queries/column_hider.go:75.2,75.12 1 0
github.com/prusiksoftware/monorepo/obscurio/psql_proxy/modify_queries/column_replacer.go:12.84,17.2 1 0
github.com/prusiksoftware/monorepo/obscurio/psql_proxy/modify_queries/column_replacer.go:19.43,21.2 1 0
github.com/prusiksoftware/monorepo/obscurio/psql_proxy/modify_queries/column_replacer.go:23.63,25.23 2 0
github.com/prusiksoftware/monorepo/obscurio/psql_proxy/modify_queries/column_replacer.go:25.23,27.3 1 0
github.com/prusiksoftware/monorepo/obscurio/psql_proxy/modify_queries/column_replacer.go:29.2,29.47 1 0
github.com/prusiksoftware/monorepo/obscurio/psql_proxy/modify_queries/column_replacer.go:29.47,31.9 2 0
github.com/prusiksoftware/monorepo/obscurio/psql_proxy/modify_queries/column_replacer.go:31.9,34.10 3 0
github.com/prusiksoftware/monorepo/obscurio/psql_proxy/modify_queries/column_replacer.go:34.10,37.24 3 0
github.com/prusiksoftware/monorepo/obscurio/psql_proxy/modify_queries/column_replacer.go:37.24,38.14 1 0
github.com/prusiksoftware/monorepo/obscurio/psql_proxy/modify_queries/column_replacer.go:41.5,42.25 2 0
github.com/prusiksoftware/monorepo/obscurio/psql_proxy/modify_queries/column_replacer.go:42.25,44.6 1 0
github.com/prusiksoftware/monorepo/obscurio/psql_proxy/modify_queries/column_replacer.go:46.5,46.34 1 0
github.com/prusiksoftware/monorepo/obscurio/psql_proxy/modify_queries/column_replacer.go:46.34,47.50 1 0
github.com/prusiksoftware/monorepo/obscurio/psql_proxy/modify_queries/column_replacer.go:47.50,58.7 2 0
github.com/prusiksoftware/monorepo/obscurio/psql_proxy/modify_queries/column_replacer.go:63.2,63.12 1 0
github.com/prusiksoftware/monorepo/obscurio/psql_proxy/modify_queries/query_modifier.go:18.91,20.16 2 0
github.com/prusiksoftware/monorepo/obscurio/psql_proxy/modify_queries/query_modifier.go:20.16,22.3 1 0
github.com/prusiksoftware/monorepo/obscurio/psql_proxy/modify_queries/query_modifier.go:23.2,27.8 1 0
github.com/prusiksoftware/monorepo/obscurio/psql_proxy/modify_queries/query_modifier.go:30.41,31.38 1 0
github.com/prusiksoftware/monorepo/obscurio/psql_proxy/modify_queries/query_modifier.go:31.38,32.37 1 0
github.com/prusiksoftware/monorepo/obscurio/psql_proxy/modify_queries/query_modifier.go:32.37,34.18 2 0
github.com/prusiksoftware/monorepo/obscurio/psql_proxy/modify_queries/query_modifier.go:34.18,36.5 1 0
github.com/prusiksoftware/monorepo/obscurio/psql_proxy/modify_queries/query_modifier.go:39.2,39.12 1 0
github.com/prusiksoftware/monorepo/obscurio/psql_proxy/modify_queries/query_modifier.go:42.50,44.16 2 0
github.com/prusiksoftware/monorepo/obscurio/psql_proxy/modify_queries/query_modifier.go:44.16,46.3 1 0
github.com/prusiksoftware/monorepo/obscurio/psql_proxy/modify_queries/query_modifier.go:47.2,47.17 1 0
github.com/prusiksoftware/monorepo/obscurio/psql_proxy/modify_queries/row_hider.go:25.81,32.2 1 0
github.com/prusiksoftware/monorepo/obscurio/psql_proxy/modify_queries/row_hider.go:34.37,36.2 1 0
github.com/prusiksoftware/monorepo/obscurio/psql_proxy/modify_queries/row_hider.go:38.65,40.8 2 0
github.com/prusiksoftware/monorepo/obscurio/psql_proxy/modify_queries/row_hider.go:40.8,42.24 2 0
github.com/prusiksoftware/monorepo/obscurio/psql_proxy/modify_queries/row_hider.go:42.24,43.36 1 0
github.com/prusiksoftware/monorepo/obscurio/psql_proxy/modify_queries/row_hider.go:43.36,45.11 2 0
github.com/prusiksoftware/monorepo/obscurio/psql_proxy/modify_queries/row_hider.go:45.11,47.35 2 0
github.com/prusiksoftware/monorepo/obscurio/psql_proxy/modify_queries/row_hider.go:47.35,51.29 2 0
github.com/prusiksoftware/monorepo/obscurio/psql_proxy/modify_queries/row_hider.go:51.29,54.8 2 0
github.com/prusiksoftware/monorepo/obscurio/psql_proxy/modify_queries/row_hider.go:57.7,58.17 2 0
github.com/prusiksoftware/monorepo/obscurio/psql_proxy/modify_queries/row_hider.go:64.2,64.12 1 0
github.com/prusiksoftware/monorepo/obscurio/psql_proxy/modify_queries/row_hider.go:67.49,104.2 1 0
github.com/prusiksoftware/monorepo/obscurio/psql_proxy/modify_queries/row_hider.go:106.63,114.2 2 0
github.com/prusiksoftware/monorepo/obscurio/psql_proxy/modify_queries/row_hider.go:116.66,140.2 3 0
github.com/prusiksoftware/monorepo/obscurio/psql_proxy/modify_queries/wildcard_expander.go:15.102,20.2 1 0
github.com/prusiksoftware/monorepo/obscurio/psql_proxy/modify_queries/wildcard_expander.go:22.45,24.2 1 0
github.com/prusiksoftware/monorepo/obscurio/psql_proxy/modify_queries/wildcard_expander.go:26.83,28.29 2 0
github.com/prusiksoftware/monorepo/obscurio/psql_proxy/modify_queries/wildcard_expander.go:28.29,34.3 1 0
github.com/prusiksoftware/monorepo/obscurio/psql_proxy/modify_queries/wildcard_expander.go:36.2,48.4 1 0
github.com/prusiksoftware/monorepo/obscurio/psql_proxy/modify_queries/wildcard_expander.go:52.83,54.44 2 0
github.com/prusiksoftware/monorepo/obscurio/psql_proxy/modify_queries/wildcard_expander.go:54.44,55.35 1 0
github.com/prusiksoftware/monorepo/obscurio/psql_proxy/modify_queries/wildcard_expander.go:55.35,56.41 1 0
github.com/prusiksoftware/monorepo/obscurio/psql_proxy/modify_queries/wildcard_expander.go:56.41,58.5 1 0
github.com/prusiksoftware/monorepo/obscurio/psql_proxy/modify_queries/wildcard_expander.go:61.2,61.20 1 0
github.com/prusiksoftware/monorepo/obscurio/psql_proxy/modify_queries/wildcard_expander.go:64.77,66.8 2 0
github.com/prusiksoftware/monorepo/obscurio/psql_proxy/modify_queries/wildcard_expander.go:66.8,67.46 1 0
github.com/prusiksoftware/monorepo/obscurio/psql_proxy/modify_queries/wildcard_expander.go:67.46,68.34 1 0
github.com/prusiksoftware/monorepo/obscurio/psql_proxy/modify_queries/wildcard_expander.go:68.34,70.5 1 0
github.com/prusiksoftware/monorepo/obscurio/psql_proxy/modify_queries/wildcard_expander.go:73.2,73.14 1 0
github.com/prusiksoftware/monorepo/obscurio/psql_proxy/modify_queries/wildcard_expander.go:76.65,78.8 2 0
github.com/prusiksoftware/monorepo/obscurio/psql_proxy/modify_queries/wildcard_expander.go:78.8,81.37 3 0
github.com/prusiksoftware/monorepo/obscurio/psql_proxy/modify_queries/wildcard_expander.go:81.37,83.24 2 0
github.com/prusiksoftware/monorepo/obscurio/psql_proxy/modify_queries/wildcard_expander.go:83.24,85.19 2 0
github.com/prusiksoftware/monorepo/obscurio/psql_proxy/modify_queries/wildcard_expander.go:85.19,87.23 2 0
github.com/prusiksoftware/monorepo/obscurio/psql_proxy/modify_queries/wildcard_expander.go:87.23,88.43 1 0
github.com/prusiksoftware/monorepo/obscurio/psql_proxy/modify_queries/wildcard_expander.go:88.43,89.35 1 0
github.com/prusiksoftware/monorepo/obscurio/psql_proxy/modify_queries/wildcard_expander.go:89.35,92.14 3 0
github.com/prusiksoftware/monorepo/obscurio/psql_proxy/modify_queries/wildcard_expander.go:93.14,97.21 4 0
github.com/prusiksoftware/monorepo/obscurio/psql_proxy/modify_queries/wildcard_expander.go:97.21,99.10 1 0
github.com/prusiksoftware/monorepo/obscurio/psql_proxy/modify_queries/wildcard_expander.go:105.4,105.15 1 0
github.com/prusiksoftware/monorepo/obscurio/psql_proxy/modify_queries/wildcard_expander.go:105.15,106.10 1 0
github.com/prusiksoftware/monorepo/obscurio/psql_proxy/modify_queries/wildcard_expander.go:110.3,110.14 1 0
github.com/prusiksoftware/monorepo/obscurio/psql_proxy/modify_queries/wildcard_expander.go:110.14,113.42 3 0
github.com/prusiksoftware/monorepo/obscurio/psql_proxy/modify_queries/wildcard_expander.go:113.42,115.5 1 0
github.com/prusiksoftware/monorepo/obscurio/psql_proxy/modify_queries/wildcard_expander.go:118.2,118.12 1 0
github.com/prusiksoftware/monorepo/obscurio/psql_proxy/modify_queries/wildcard_expander.go:121.73,123.8 2 0
github.com/prusiksoftware/monorepo/obscurio/psql_proxy/modify_queries/wildcard_expander.go:123.8,125.24 2 0
github.com/prusiksoftware/monorepo/obscurio/psql_proxy/modify_queries/wildcard_expander.go:125.24,126.36 1 0
github.com/prusiksoftware/monorepo/obscurio/psql_proxy/modify_queries/wildcard_expander.go:126.36,128.11 2 0
github.com/prusiksoftware/monorepo/obscurio/psql_proxy/modify_queries/wildcard_expander.go:128.11,130.6 1 0
github.com/prusiksoftware/monorepo/obscurio/psql_proxy/modify_queries/wildcard_expander.go:134.2,134.11 1 0
github.com/prusiksoftware/monorepo/obscurio/psql_proxy/schema/debug_utils.go:10.47,13.16 3 0
github.com/prusiksoftware/monorepo/obscurio/psql_proxy/schema/debug_utils.go:13.16,15.3 1 0
github.com/prusiksoftware/monorepo/obscurio/psql_proxy/schema/debug_utils.go:16.2,18.16 3 0
github.com/prusiksoftware/monorepo/obscurio/psql_proxy/schema/debug_utils.go:18.16,20.3 1 0
github.com/prusiksoftware/monorepo/obscurio/psql_proxy/schema/debug_utils.go:21.2,21.19 1 0
github.com/prusiksoftware/monorepo/obscurio/psql_proxy/schema/debug_utils.go:21.19,23.3 1 0
github.com/prusiksoftware/monorepo/obscurio/psql_proxy/schema/debug_utils.go:26.43,28.16 2 0
github.com/prusiksoftware/monorepo/obscurio/psql_proxy/schema/debug_utils.go:28.16,30.3 1 0
github.com/prusiksoftware/monorepo/obscurio/psql_proxy/schema/debug_utils.go:31.2,35.11 5 0
github.com/prusiksoftware/monorepo/obscurio/psql_proxy/schema/debug_utils.go:35.11,37.17 2 0
github.com/prusiksoftware/monorepo/obscurio/psql_proxy/schema/debug_utils.go:37.17,39.4 1 0
github.com/prusiksoftware/monorepo/obscurio/psql_proxy/schema/debug_utils.go:40.3,41.15 2 0
github.com/prusiksoftware/monorepo/obscurio/psql_proxy/schema/debug_utils.go:41.15,43.4 1 0
[...]
github.com/prusiksoftware/monorepo/obscurio/psql_proxy/db_manager.go:34.2,35.16 2 0
github.com/prusiksoftware/monorepo/obscurio/psql_proxy/db_manager.go:35.16,37.3 1 0
github.com/prusiksoftware/monorepo/obscurio/psql_proxy/db_manager.go:38.2,40.15 2 0
github.com/prusiksoftware/monorepo/obscurio/psql_proxy/db_manager.go:43.81,53.16 6 0
github.com/prusiksoftware/monorepo/obscurio/psql_proxy/db_manager.go:53.16,55.3 1 0
github.com/prusiksoftware/monorepo/obscurio/psql_proxy/db_manager.go:57.2,57.6 1 0
github.com/prusiksoftware/monorepo/obscurio/psql_proxy/db_manager.go:57.6,60.17 2 0
github.com/prusiksoftware/monorepo/obscurio/psql_proxy/db_manager.go:60.17,62.4 1 0
github.com/prusiksoftware/monorepo/obscurio/psql_proxy/db_manager.go:65.3,66.17 2 0
github.com/prusiksoftware/monorepo/obscurio/psql_proxy/db_manager.go:66.17,68.4 1 0
github.com/prusiksoftware/monorepo/obscurio/psql_proxy/db_manager.go:71.3,71.30 1 0
github.com/prusiksoftware/monorepo/obscurio/psql_proxy/db_manager.go:71.30,73.18 2 0
github.com/prusiksoftware/monorepo/obscurio/psql_proxy/db_manager.go:73.18,75.5 1 0
github.com/prusiksoftware/monorepo/obscurio/psql_proxy/db_manager.go:78.3,78.49 1 0
github.com/prusiksoftware/monorepo/obscurio/psql_proxy/db_manager.go:78.49,80.4 1 0
github.com/prusiksoftware/monorepo/obscurio/psql_proxy/db_manager.go:84.64,86.16 2 2
github.com/prusiksoftware/monorepo/obscurio/psql_proxy/db_manager.go:86.16,88.3 1 1
github.com/prusiksoftware/monorepo/obscurio/psql_proxy/db_manager.go:89.2,90.16 2 1
github.com/prusiksoftware/monorepo/obscurio/psql_proxy/db_manager.go:90.16,92.3 1 0
github.com/prusiksoftware/monorepo/obscurio/psql_proxy/db_manager.go:93.2,93.19 1 1
github.com/prusiksoftware/monorepo/obscurio/psql_proxy/db_manager.go:96.46,98.38 2 1
github.com/prusiksoftware/monorepo/obscurio/psql_proxy/db_manager.go:98.38,100.3 1 2
github.com/prusiksoftware/monorepo/obscurio/psql_proxy/db_manager.go:101.2,101.14 1 1
github.com/prusiksoftware/monorepo/obscurio/psql_proxy/db_manager.go:104.59,106.13 2 2
github.com/prusiksoftware/monorepo/obscurio/psql_proxy/db_manager.go:106.13,108.3 1 0
github.com/prusiksoftware/monorepo/obscurio/psql_proxy/db_manager.go:110.2,111.13 2 2
github.com/prusiksoftware/monorepo/obscurio/psql_proxy/db_manager.go:111.13,113.3 1 0
github.com/prusiksoftware/monorepo/obscurio/psql_proxy/db_manager.go:115.2,116.13 2 2
github.com/prusiksoftware/monorepo/obscurio/psql_proxy/db_manager.go:116.13,118.3 1 0
github.com/prusiksoftware/monorepo/obscurio/psql_proxy/db_manager.go:120.2,129.41 3 2
github.com/prusiksoftware/monorepo/obscurio/psql_proxy/db_manager.go:129.41,130.36 1 4
github.com/prusiksoftware/monorepo/obscurio/psql_proxy/db_manager.go:130.36,131.46 1 2
github.com/prusiksoftware/monorepo/obscurio/psql_proxy/db_manager.go:131.46,133.5 1 2
github.com/prusiksoftware/monorepo/obscurio/psql_proxy/db_manager.go:134.4,134.78 1 2
github.com/prusiksoftware/monorepo/obscurio/psql_proxy/db_manager.go:138.2,143.41 2 2
github.com/prusiksoftware/monorepo/obscurio/psql_proxy/db_manager.go:143.41,144.33 1 4
github.com/prusiksoftware/monorepo/obscurio/psql_proxy/db_manager.go:144.33,147.4 1 0
github.com/prusiksoftware/monorepo/obscurio/psql_proxy/db_manager.go:150.2,151.41 2 2
github.com/prusiksoftware/monorepo/obscurio/psql_proxy/db_manager.go:151.41,152.39 1 4
github.com/prusiksoftware/monorepo/obscurio/psql_proxy/db_manager.go:152.39,153.48 1 0
github.com/prusiksoftware/monorepo/obscurio/psql_proxy/db_manager.go:153.48,155.5 1 0
github.com/prusiksoftware/monorepo/obscurio/psql_proxy/db_manager.go:156.4,156.60 1 0
github.com/prusiksoftware/monorepo/obscurio/psql_proxy/db_manager.go:159.2,159.43 1 2
github.com/prusiksoftware/monorepo/obscurio/psql_proxy/db_manager.go:159.43,161.3 1 0
github.com/prusiksoftware/monorepo/obscurio/psql_proxy/db_manager.go:163.2,164.17 2 2
github.com/prusiksoftware/monorepo/obscurio/psql_proxy/server.go:28.71,30.48 2 0
github.com/prusiksoftware/monorepo/obscurio/psql_proxy/server.go:30.48,32.17 2 0
github.com/prusiksoftware/monorepo/obscurio/psql_proxy/server.go:32.17,34.4 1 0
github.com/prusiksoftware/monorepo/obscurio/psql_proxy/server.go:35.3,35.45 1 0
github.com/prusiksoftware/monorepo/obscurio/psql_proxy/server.go:38.2,45.16 2 0
github.com/prusiksoftware/monorepo/obscurio/psql_proxy/server.go:48.30,50.16 2 0
github.com/prusiksoftware/monorepo/obscurio/psql_proxy/server.go:50.16,52.3 1 0
github.com/prusiksoftware/monorepo/obscurio/psql_proxy/server.go:53.2,56.6 3 0
github.com/prusiksoftware/monorepo/obscurio/psql_proxy/server.go:56.6,58.17 2 0
github.com/prusiksoftware/monorepo/obscurio/psql_proxy/server.go:58.17,60.4 1 0
github.com/prusiksoftware/monorepo/obscurio/psql_proxy/server.go:61.3,61.40 1 0
github.com/prusiksoftware/monorepo/obscurio/psql_proxy/server.go:65.64,69.16 4 0
github.com/prusiksoftware/monorepo/obscurio/psql_proxy/server.go:69.16,71.3 1 0
github.com/prusiksoftware/monorepo/obscurio/psql_proxy/server.go:72.2,72.58 1 0
github.com/prusiksoftware/monorepo/obscurio/psql_proxy/server.go:75.72,77.39 2 0
github.com/prusiksoftware/monorepo/obscurio/psql_proxy/server.go:77.39,78.45 1 0
github.com/prusiksoftware/monorepo/obscurio/psql_proxy/server.go:78.45,80.4 1 0
github.com/prusiksoftware/monorepo/obscurio/psql_proxy/server.go:83.2,83.84 1 0
github.com/prusiksoftware/monorepo/obscurio/psql_proxy/test_utils.go:15.62,18.2 2 0
github.com/prusiksoftware/monorepo/obscurio/psql_proxy/test_utils.go:20.54,23.2 2 0
github.com/prusiksoftware/monorepo/obscurio/psql_proxy/test_utils.go:25.41,27.2 1 0
github.com/prusiksoftware/monorepo/obscurio/psql_proxy/test_utils.go:29.62,32.2 2 0
github.com/prusiksoftware/monorepo/obscurio/psql_proxy/modify_queries/column_hider.go:11.69,15.2 1 2
github.com/prusiksoftware/monorepo/obscurio/psql_proxy/modify_queries/column_hider.go:17.40,19.2 1 1
github.com/prusiksoftware/monorepo/obscurio/psql_proxy/modify_queries/column_hider.go:21.68,23.8 2 1
github.com/prusiksoftware/monorepo/obscurio/psql_proxy/modify_queries/column_hider.go:23.8,26.24 3 1
github.com/prusiksoftware/monorepo/obscurio/psql_proxy/modify_queries/column_hider.go:26.24,27.36 1 1
github.com/prusiksoftware/monorepo/obscurio/psql_proxy/modify_queries/column_hider.go:27.36,29.11 2 1
github.com/prusiksoftware/monorepo/obscurio/psql_proxy/modify_queries/column_hider.go:29.11,33.6 2 1
github.com/prusiksoftware/monorepo/obscurio/psql_proxy/modify_queries/column_hider.go:37.3,38.64 2 1
github.com/prusiksoftware/monorepo/obscurio/psql_proxy/modify_queries/column_hider.go:38.64,41.10 3 13
github.com/prusiksoftware/monorepo/obscurio/psql_proxy/modify_queries/column_hider.go:41.10,44.11 3 13
github.com/prusiksoftware/monorepo/obscurio/psql_proxy/modify_queries/column_hider.go:44.11,50.26 4 13
github.com/prusiksoftware/monorepo/obscurio/psql_proxy/modify_queries/column_hider.go:50.26,51.49 1 13
github.com/prusiksoftware/monorepo/obscurio/psql_proxy/modify_queries/column_hider.go:51.49,53.8 1 13
github.com/prusiksoftware/monorepo/obscurio/psql_proxy/modify_queries/column_hider.go:54.13,55.7 0 0
github.com/prusiksoftware/monorepo/obscurio/psql_proxy/modify_queries/column_hider.go:57.6,57.67 1 13
github.com/prusiksoftware/monorepo/obscurio/psql_proxy/modify_queries/column_hider.go:57.67,58.37 1 13
github.com/prusiksoftware/monorepo/obscurio/psql_proxy/modify_queries/column_hider.go:58.37,59.55 1 13
github.com/prusiksoftware/monorepo/obscurio/psql_proxy/modify_queries/column_hider.go:59.55,60.40 1 13
github.com/prusiksoftware/monorepo/obscurio/psql_proxy/modify_queries/column_hider.go:60.40,62.10 1 1
github.com/prusiksoftware/monorepo/obscurio/psql_proxy/modify_queries/column_hider.go:69.4,69.19 1 13
github.com/prusiksoftware/monorepo/obscurio/psql_proxy/modify_queries/column_hider.go:69.19,71.5 1 12
github.com/prusiksoftware/monorepo/obscurio/psql_proxy/modify_queries/column_hider.go:73.3,73.56 1 1
github.com/prusiksoftware/monorepo/obscurio/psql_proxy/modify_queries/column_hider.go:75.2,75.12 1 1
github.com/prusiksoftware/monorepo/obscurio/psql_proxy/modify_queries/column_replacer.go:12.84,17.2 1 0
github.com/prusiksoftware/monorepo/obscurio/psql_proxy/modify_queries/column_replacer.go:19.43,21.2 1 0
github.com/prusiksoftware/monorepo/obscurio/psql_proxy/modify_queries/column_replacer.go:23.63,25.23 2 0
github.com/prusiksoftware/monorepo/obscurio/psql_proxy/modify_queries/column_replacer.go:25.23,27.3 1 0
github.com/prusiksoftware/monorepo/obscurio/psql_proxy/modify_queries/column_replacer.go:29.2,29.47 1 0
github.com/prusiksoftware/monorepo/obscurio/psql_proxy/modify_queries/column_replacer.go:29.47,31.9 2 0
github.com/prusiksoftware/monorepo/obscurio/psql_proxy/modify_queries/column_replacer.go:31.9,34.10 3 0
github.com/prusiksoftware/monorepo/obscurio/psql_proxy/modify_queries/column_replacer.go:34.10,37.24 3 0
github.com/prusiksoftware/monorepo/obscurio/psql_proxy/modify_queries/column_replacer.go:37.24,38.14 1 0
github.com/prusiksoftware/monorepo/obscurio/psql_proxy/modify_queries/column_replacer.go:41.5,42.25 2 0
github.com/prusiksoftware/monorepo/obscurio/psql_proxy/modify_queries/column_replacer.go:42.25,44.6 1 0
github.com/prusiksoftware/monorepo/obscurio/psql_proxy/modify_queries/column_replacer.go:46.5,46.34 1 0
github.com/prusiksoftware/monorepo/obscurio/psql_proxy/modify_queries/column_replacer.go:46.34,47.50 1 0
github.com/prusiksoftware/monorepo/obscurio/psql_proxy/modify_queries/column_replacer.go:47.50,58.7 2 0
github.com/prusiksoftware/monorepo/obscurio/psql_proxy/modify_queries/column_replacer.go:63.2,63.12 1 0
github.com/prusiksoftware/monorepo/obscurio/psql_proxy/modify_queries/query_modifier.go:18.91,20.16 2 2
github.com/prusiksoftware/monorepo/obscurio/psql_proxy/modify_queries/query_modifier.go:20.16,22.3 1 1
github.com/prusiksoftware/monorepo/obscurio/psql_proxy/modify_queries/query_modifier.go:23.2,27.8 1 1
github.com/prusiksoftware/monorepo/obscurio/psql_proxy/modify_queries/query_modifier.go:30.41,31.38 1 1
github.com/prusiksoftware/monorepo/obscurio/psql_proxy/modify_queries/query_modifier.go:31.38,32.37 1 2
github.com/prusiksoftware/monorepo/obscurio/psql_proxy/modify_queries/query_modifier.go:32.37,34.18 2 2
github.com/prusiksoftware/monorepo/obscurio/psql_proxy/modify_queries/query_modifier.go:34.18,36.5 1 0
github.com/prusiksoftware/monorepo/obscurio/psql_proxy/modify_queries/query_modifier.go:39.2,39.12 1 1
github.com/prusiksoftware/monorepo/obscurio/psql_proxy/modify_queries/query_modifier.go:42.50,44.16 2 1
github.com/prusiksoftware/monorepo/obscurio/psql_proxy/modify_queries/query_modifier.go:44.16,46.3 1 0
github.com/prusiksoftware/monorepo/obscurio/psql_proxy/modify_queries/query_modifier.go:47.2,47.17 1 1
github.com/prusiksoftware/monorepo/obscurio/psql_proxy/modify_queries/row_hider.go:25.81,32.2 1 0
github.com/prusiksoftware/monorepo/obscurio/psql_proxy/modify_queries/row_hider.go:34.37,36.2 1 0
github.com/prusiksoftware/monorepo/obscurio/psql_proxy/modify_queries/row_hider.go:38.65,40.8 2 0
github.com/prusiksoftware/monorepo/obscurio/psql_proxy/modify_queries/row_hider.go:40.8,42.24 2 0
github.com/prusiksoftware/monorepo/obscurio/psql_proxy/modify_queries/row_hider.go:42.24,43.36 1 0
github.com/prusiksoftware/monorepo/obscurio/psql_proxy/modify_queries/row_hider.go:43.36,45.11 2 0
github.com/prusiksoftware/monorepo/obscurio/psql_proxy/modify_queries/row_hider.go:45.11,47.35 2 0
github.com/prusiksoftware/monorepo/obscurio/psql_proxy/modify_queries/row_hider.go:47.35,51.29 2 0
github.com/prusiksoftware/monorepo/obscurio/psql_proxy/modify_queries/row_hider.go:51.29,54.8 2 0
github.com/prusiksoftware/monorepo/obscurio/psql_proxy/modify_queries/row_hider.go:57.7,58.17 2 0
github.com/prusiksoftware/monorepo/obscurio/psql_proxy/modify_queries/row_hider.go:64.2,64.12 1 0
github.com/prusiksoftware/monorepo/obscurio/psql_proxy/modify_queries/row_hider.go:67.49,104.2 1 0
github.com/prusiksoftware/monorepo/obscurio/psql_proxy/modify_queries/row_hider.go:106.63,114.2 2 0
github.com/prusiksoftware/monorepo/obscurio/psql_proxy/modify_queries/row_hider.go:116.66,140.2 3 0
github.com/prusiksoftware/monorepo/obscurio/psql_proxy/modify_queries/wildcard_expander.go:15.102,20.2 1 2
github.com/prusiksoftware/monorepo/obscurio/psql_proxy/modify_queries/wildcard_expander.go:22.45,24.2 1 1
github.com/prusiksoftware/monorepo/obscurio/psql_proxy/modify_queries/wildcard_expander.go:26.83,28.29 2 13
github.com/prusiksoftware/monorepo/obscurio/psql_proxy/modify_queries/wildcard_expander.go:28.29,34.3 1 13
github.com/prusiksoftware/monorepo/obscurio/psql_proxy/modify_queries/wildcard_expander.go:36.2,48.4 1 13
github.com/prusiksoftware/monorepo/obscurio/psql_proxy/modify_queries/wildcard_expander.go:52.83,54.44 2 1
github.com/prusiksoftware/monorepo/obscurio/psql_proxy/modify_queries/wildcard_expander.go:54.44,55.35 1 220
github.com/prusiksoftware/monorepo/obscurio/psql_proxy/modify_queries/wildcard_expander.go:55.35,56.41 1 1
github.com/prusiksoftware/monorepo/obscurio/psql_proxy/modify_queries/wildcard_expander.go:56.41,58.5 1 13
github.com/prusiksoftware/monorepo/obscurio/psql_proxy/modify_queries/wildcard_expander.go:61.2,61.20 1 1
github.com/prusiksoftware/monorepo/obscurio/psql_proxy/modify_queries/wildcard_expander.go:64.77,66.8 2 0
github.com/prusiksoftware/monorepo/obscurio/psql_proxy/modify_queries/wildcard_expander.go:66.8,67.46 1 0
github.com/prusiksoftware/monorepo/obscurio/psql_proxy/modify_queries/wildcard_expander.go:67.46,68.34 1 0
github.com/prusiksoftware/monorepo/obscurio/psql_proxy/modify_queries/wildcard_expander.go:68.34,70.5 1 0
github.com/prusiksoftware/monorepo/obscurio/psql_proxy/modify_queries/wildcard_expander.go:73.2,73.14 1 0
github.com/prusiksoftware/monorepo/obscurio/psql_proxy/modify_queries/wildcard_expander.go:76.65,78.8 2 1
github.com/prusiksoftware/monorepo/obscurio/psql_proxy/modify_queries/wildcard_expander.go:78.8,81.37 3 1
github.com/prusiksoftware/monorepo/obscurio/psql_proxy/modify_queries/wildcard_expander.go:81.37,83.24 2 1
github.com/prusiksoftware/monorepo/obscurio/psql_proxy/modify_queries/wildcard_expander.go:83.24,85.19 2 1
github.com/prusiksoftware/monorepo/obscurio/psql_proxy/modify_queries/wildcard_expander.go:85.19,87.23 2 1
github.com/prusiksoftware/monorepo/obscurio/psql_proxy/modify_queries/wildcard_expander.go:87.23,88.43 1 1
github.com/prusiksoftware/monorepo/obscurio/psql_proxy/modify_queries/wildcard_expander.go:88.43,89.35 1 1
github.com/prusiksoftware/monorepo/obscurio/psql_proxy/modify_queries/wildcard_expander.go:89.35,92.14 3 1
github.com/prusiksoftware/monorepo/obscurio/psql_proxy/modify_queries/wildcard_expander.go:93.14,97.21 4 0
github.com/prusiksoftware/monorepo/obscurio/psql_proxy/modify_queries/wildcard_expander.go:97.21,99.10 1 0
github.com/prusiksoftware/monorepo/obscurio/psql_proxy/modify_queries/wildcard_expander.go:105.4,105.15 1 1
github.com/prusiksoftware/monorepo/obscurio/psql_proxy/modify_queries/wildcard_expander.go:105.15,106.10 1 1
github.com/prusiksoftware/monorepo/obscurio/psql_proxy/modify_queries/wildcard_expander.go:110.3,110.14 1 1
github.com/prusiksoftware/monorepo/obscurio/psql_proxy/modify_queries/wildcard_expander.go:110.14,113.42 3 1
github.com/prusiksoftware/monorepo/obscurio/psql_proxy/modify_queries/wildcard_expander.go:113.42,115.5 1 13
github.com/prusiksoftware/monorepo/obscurio/psql_proxy/modify_queries/wildcard_expander.go:118.2,118.12 1 1
github.com/prusiksoftware/monorepo/obscurio/psql_proxy/modify_queries/wildcard_expander.go:121.73,123.8 2 1
github.com/prusiksoftware/monorepo/obscurio/psql_proxy/modify_queries/wildcard_expander.go:123.8,125.24 2 1
github.com/prusiksoftware/monorepo/obscurio/psql_proxy/modify_queries/wildcard_expander.go:125.24,126.36 1 1
github.com/prusiksoftware/monorepo/obscurio/psql_proxy/modify_queries/wildcard_expander.go:126.36,128.11 2 1
github.com/prusiksoftware/monorepo/obscurio/psql_proxy/modify_queries/wildcard_expander.go:128.11,130.6 1 1
github.com/prusiksoftware/monorepo/obscurio/psql_proxy/modify_queries/wildcard_expander.go:134.2,134.11 1 0
github.com/prusiksoftware/monorepo/obscurio/psql_proxy/schema/debug_utils.go:10.47,13.16 3 0
github.com/prusiksoftware/monorepo/obscurio/psql_proxy/schema/debug_utils.go:13.16,15.3 1 0
github.com/prusiksoftware/monorepo/obscurio/psql_proxy/schema/debug_utils.go:16.2,18.16 3 0
github.com/prusiksoftware/monorepo/obscurio/psql_proxy/schema/debug_utils.go:18.16,20.3 1 0
github.com/prusiksoftware/monorepo/obscurio/psql_proxy/schema/debug_utils.go:21.2,21.19 1 0
github.com/prusiksoftware/monorepo/obscurio/psql_proxy/schema/debug_utils.go:21.19,23.3 1 0
github.com/prusiksoftware/monorepo/obscurio/psql_proxy/schema/debug_utils.go:26.43,28.16 2 0
github.com/prusiksoftware/monorepo/obscurio/psql_proxy/schema/debug_utils.go:28.16,30.3 1 0
github.com/prusiksoftware/monorepo/obscurio/psql_proxy/schema/debug_utils.go:31.2,35.11 5 0
github.com/prusiksoftware/monorepo/obscurio/psql_proxy/schema/debug_utils.go:35.11,37.17 2 0
github.com/prusiksoftware/monorepo/obscurio/psql_proxy/schema/debug_utils.go:37.17,39.4 1 0
github.com/prusiksoftware/monorepo/obscurio/psql_proxy/schema/debug_utils.go:40.3,41.15 2 0
github.com/prusiksoftware/monorepo/obscurio/psql_proxy/schema/debug_utils.go:41.15,43.4 1 0
github.com/prusiksoftware/monorepo/obscurio/psql_proxy/schema/debug_utils.go:45.2,45.10 1 0
github.com/prusiksoftware/monorepo/obscurio/psql_proxy/schema/debug_utils.go:48.33,50.16 2 0
github.com/prusiksoftware/monorepo/obscurio/psql_proxy/schema/debug_utils.go:50.16,52.3 1 0
github.com/prusiksoftware/monorepo/obscurio/psql_proxy/schema/debug_utils.go:53.2,53.24 1 0
github.com/prusiksoftware/monorepo/obscurio/psql_proxy/schema/debug_utils.go:56.41,58.16 2 0
github.com/prusiksoftware/monorepo/obscurio/psql_proxy/schema/debug_utils.go:58.16,60.3 1 0
github.com/prusiksoftware/monorepo/obscurio/psql_proxy/schema/debug_utils.go:61.2,61.18 1 0
github.com/prusiksoftware/monorepo/obscurio/psql_proxy/schema/schema.go:51.58,81.16 6 440
github.com/prusiksoftware/monorepo/obscurio/psql_proxy/schema/schema.go:81.16,82.13 1 0
github.com/prusiksoftware/monorepo/obscurio/psql_proxy/schema/schema.go:85.2,86.18 2 440
github.com/prusiksoftware/monorepo/obscurio/psql_proxy/schema/schema.go:86.18,107.17 3 4238
github.com/prusiksoftware/monorepo/obscurio/psql_proxy/schema/schema.go:107.17,109.4 1 0
github.com/prusiksoftware/monorepo/obscurio/psql_proxy/schema/schema.go:111.3,111.36 1 4238
github.com/prusiksoftware/monorepo/obscurio/psql_proxy/schema/schema.go:113.2,113.16 1 440
github.com/prusiksoftware/monorepo/obscurio/psql_proxy/schema/schema.go:116.38,118.16 2 2
github.com/prusiksoftware/monorepo/obscurio/psql_proxy/schema/schema.go:118.16,120.3 1 0
github.com/prusiksoftware/monorepo/obscurio/psql_proxy/schema/schema.go:121.2,124.16 3 2
github.com/prusiksoftware/monorepo/obscurio/psql_proxy/schema/schema.go:124.16,126.3 1 0
github.com/prusiksoftware/monorepo/obscurio/psql_proxy/schema/schema.go:127.2,152.16 7 2
github.com/prusiksoftware/monorepo/obscurio/psql_proxy/schema/schema.go:152.16,154.3 1 0
github.com/prusiksoftware/monorepo/obscurio/psql_proxy/schema/schema.go:156.2,157.18 2 2
github.com/prusiksoftware/monorepo/obscurio/psql_proxy/schema/schema.go:157.18,173.17 3 440
github.com/prusiksoftware/monorepo/obscurio/psql_proxy/schema/schema.go:173.17,174.14 1 0
github.com/prusiksoftware/monorepo/obscurio/psql_proxy/schema/schema.go:176.3,176.33 1 440
github.com/prusiksoftware/monorepo/obscurio/psql_proxy/schema/schema.go:179.2,179.31 1 2
github.com/prusiksoftware/monorepo/obscurio/psql_proxy/schema/schema.go:179.31,181.3 1 440
github.com/prusiksoftware/monorepo/obscurio/psql_proxy/schema/schema.go:183.2,183.15 1 2
github.com/prusiksoftware/monorepo/obscurio/psql_proxy/schema/schema.go:186.31,188.16 2 0
github.com/prusiksoftware/monorepo/obscurio/psql_proxy/schema/schema.go:188.16,190.3 1 0
github.com/prusiksoftware/monorepo/obscurio/psql_proxy/schema/schema.go:191.2,191.24 1 0
